\BOOKMARK [-1][]{ctitle.-1}{\376\377\156\005\123\116\131\047\133\146\133\146\117\115\213\272\145\207\000\040\000L\000a\000T\000e\000X\000\040\152\041\147\177\117\177\165\050\171\072\117\213\145\207\150\143}{}% 1
\BOOKMARK [0][]{thuchapter.1.0}{\376\377\144\130\000\040\211\201}{ctitle.-1}% 2
\BOOKMARK [0][]{thuchapter.2.0}{\376\377\000A\000b\000s\000t\000r\000a\000c\000t}{ctitle.-1}% 3
\BOOKMARK [0][]{thuchapter.3.0}{\376\377\166\356\000\040\137\125}{ctitle.-1}% 4
\BOOKMARK [0][]{thuchapter.4.0}{\376\377\116\073\211\201\173\046\123\367\133\371\161\147\210\150}{ctitle.-1}% 5
\BOOKMARK [0][]{chapter.1}{\376\377\173\054\000\040\0001\000\040\172\340\000\040\136\046\000\040\000E\000n\000g\000l\000i\000s\000h\000\040\166\204\150\007\230\230}{ctitle.-1}% 6
\BOOKMARK [1][-]{section.1.1}{\376\377\0001\000.\0001\000\040\134\001\227\142\166\370\121\163}{chapter.1}% 7
\BOOKMARK [1][-]{section.1.2}{\376\377\0001\000.\0002\000\040\133\127\117\123\124\175\116\344}{chapter.1}% 8
\BOOKMARK [1][-]{section.1.3}{\376\377\0001\000.\0003\000\040\210\150\150\074\150\067\147\054}{chapter.1}% 9
\BOOKMARK [2][-]{subsection.1.3.1}{\376\377\0001\000.\0003\000.\0001\000\040\127\372\147\054\210\150\150\074}{section.1.3}% 10
\BOOKMARK [2][-]{subsection.1.3.2}{\376\377\0001\000.\0003\000.\0002\000\040\131\015\147\102\210\150\150\074}{section.1.3}% 11
\BOOKMARK [2][-]{subsection.1.3.3}{\376\377\0001\000.\0003\000.\0003\000\040\121\166\133\203}{section.1.3}% 12
\BOOKMARK [1][-]{section.1.4}{\376\377\0001\000.\0004\000\040\133\232\164\006\163\257\130\203}{chapter.1}% 13
\BOOKMARK [1][-]{section.1.5}{\376\377\0001\000.\0005\000\040\123\302\200\003\145\207\163\056}{chapter.1}% 14
\BOOKMARK [1][-]{section.1.6}{\376\377\0001\000.\0006\000\040\121\154\137\017}{chapter.1}% 15
\BOOKMARK [1][-]{section.1.7}{\376\377\0001\000.\0007\000\040\170\064\142\230\123\367}{chapter.1}% 16
\BOOKMARK [0][]{chapter.2}{\376\377\173\054\000\040\0002\000\040\172\340\000\040\116\055\123\116\116\272\154\021\121\161\124\214\126\375}{ctitle.-1}% 17
\BOOKMARK [1][-]{section.2.1}{\376\377\0002\000.\0001\000\040\121\166\133\203\117\213\133\120}{chapter.2}% 18
\BOOKMARK [2][-]{subsection.2.1.1}{\376\377\0002\000.\0001\000.\0001\000\040\176\330\126\376}{section.2.1}% 19
\BOOKMARK [2][-]{subsection.2.1.2}{\376\377\0002\000.\0001\000.\0002\000\040\143\322\126\376}{section.2.1}% 20
\BOOKMARK [0][]{section*.21}{\376\377\123\302\200\003\145\207\163\056}{ctitle.-1}% 21
\BOOKMARK [0][]{section*.23}{\376\377\201\364\214\042\116\016\130\360\146\016}{ctitle.-1}% 22
\BOOKMARK [0][]{appendix.A}{\376\377\226\104\137\125\000\040\000A\000\040\131\026\145\207\215\104\145\231\123\237\145\207}{ctitle.-1}% 23
\BOOKMARK [1][-]{section.A.1}{\376\377\000A\000.\0001\000\040\000S\000i\000n\000g\000l\000e\000-\000O\000b\000j\000e\000c\000t\000i\000v\000e\000\040\000P\000r\000o\000g\000r\000a\000m\000m\000i\000n\000g}{appendix.A}% 24
\BOOKMARK [2][-]{subsection.A.1.1}{\376\377\000A\000.\0001\000.\0001\000\040\000L\000i\000n\000e\000a\000r\000\040\000P\000r\000o\000g\000r\000a\000m\000m\000i\000n\000g}{section.A.1}% 25
\BOOKMARK [2][-]{subsection.A.1.2}{\376\377\000A\000.\0001\000.\0002\000\040\000N\000o\000n\000l\000i\000n\000e\000a\000r\000\040\000P\000r\000o\000g\000r\000a\000m\000m\000i\000n\000g}{section.A.1}% 26
\BOOKMARK [2][-]{subsection.A.1.3}{\376\377\000A\000.\0001\000.\0003\000\040\000I\000n\000t\000e\000g\000e\000r\000\040\000P\000r\000o\000g\000r\000a\000m\000m\000i\000n\000g}{section.A.1}% 27
\BOOKMARK [0][]{appendix.B}{\376\377\226\104\137\125\000\040\000B\000\040\131\026\145\207\215\104\145\231\166\204\214\003\170\024\226\005\213\373\142\245\124\112\142\026\116\146\227\142\177\373\213\321}{ctitle.-1}% 28
\BOOKMARK [1][-]{section.B.1}{\376\377\000B\000.\0001\000\040\123\125\166\356\150\007\211\304\122\022}{appendix.B}% 29
\BOOKMARK [2][-]{subsection.B.1.1}{\376\377\000B\000.\0001\000.\0001\000\040\176\277\140\047\211\304\122\022}{section.B.1}% 30
\BOOKMARK [2][-]{subsection.B.1.2}{\376\377\000B\000.\0001\000.\0002\000\040\227\136\176\277\140\047\211\304\122\022}{section.B.1}% 31
\BOOKMARK [2][-]{subsection.B.1.3}{\376\377\000B\000.\0001\000.\0003\000\040\145\164\145\160\211\304\122\022}{section.B.1}% 32
\BOOKMARK [0][]{appendix.C}{\376\377\226\104\137\125\000\040\000C\000\040\121\166\133\203\226\104\137\125}{ctitle.-1}% 33
\BOOKMARK [0][]{section*.36}{\376\377\116\052\116\272\173\200\123\206\060\001\127\050\133\146\147\037\225\364\123\321\210\150\166\204\133\146\147\057\213\272\145\207\116\016\170\024\172\166\142\020\147\234}{ctitle.-1}% 34
