This is pdfTeX, Version 3.1415926-2.3-1.40.12 (MiKTeX 2.9) (preloaded format=pdflatex 2015.3.2)  31 MAY 2015 10:52
entering extended mode
**C:/Users/MistyRain/Desktop/thuthesis@UTF8-4.5.1/main.tex
(C:/Users/MistyRain/Desktop/thuthesis@UTF8-4.5.1/main.tex
LaTeX2e <2011/06/27>
Babel <v3.8m> and hyphenation patterns for loaded.
(C:\Users\MistyRain\Desktop\thuthesis@UTF8-4.5.1\thuthesis.cls
Document Class: thuthesis 2008/02/28 4.5.1 Tsinghua University Thesis Template
(d:\CTEX\MiKTeX\tex\latex\base\book.cls
Document Class: book 2007/10/19 v1.4h Standard LaTeX document class
(d:\CTEX\MiKTeX\tex\latex\base\bk12.clo
File: bk12.clo 2007/10/19 v1.4h Standard LaTeX file (size option)
)
\c@part=\count79
\c@chapter=\count80
\c@section=\count81
\c@subsection=\count82
\c@subsubsection=\count83
\c@paragraph=\count84
\c@subparagraph=\count85
\c@figure=\count86
\c@table=\count87
\abovecaptionskip=\skip41
\belowcaptionskip=\skip42
\bibindent=\dimen102
)
(d:\CTEX\MiKTeX\tex\generic\oberdiek\ifpdf.sty
Package: ifpdf 2011/01/30 v2.3 Provides the ifpdf switch (HO)
Package ifpdf Info: pdfTeX in PDF mode is detected.
)
(d:\CTEX\MiKTeX\tex\generic\ifxetex\ifxetex.sty
Package: ifxetex 2010/09/12 v0.6 Provides ifxetex conditional
)
(d:\CTEX\MiKTeX\tex\latex\base\ifthen.sty
Package: ifthen 2001/05/26 v1.1c Standard LaTeX ifthen package (DPC)
)
(d:\CTEX\MiKTeX\tex\latex\tools\calc.sty
Package: calc 2007/08/22 v4.3 Infix arithmetic (KKT,FJ)
\calc@Acount=\count88
\calc@Bcount=\count89
\calc@Adimen=\dimen103
\calc@Bdimen=\dimen104
\calc@Askip=\skip43
\calc@Bskip=\skip44
LaTeX Info: Redefining \setlength on input line 76.
LaTeX Info: Redefining \addtolength on input line 77.
\calc@Ccount=\count90
\calc@Cskip=\skip45
)
(d:\CTEX\MiKTeX\tex\latex\ams\math\amsmath.sty
Package: amsmath 2000/07/18 v2.13 AMS math features
\@mathmargin=\skip46

For additional information on amsmath, use the `?' option.
(d:\CTEX\MiKTeX\tex\latex\ams\math\amstext.sty
Package: amstext 2000/06/29 v2.01

(d:\CTEX\MiKTeX\tex\latex\ams\math\amsgen.sty
File: amsgen.sty 1999/11/30 v2.0
\@emptytoks=\toks14
\ex@=\dimen105
))
(d:\CTEX\MiKTeX\tex\latex\ams\math\amsbsy.sty
Package: amsbsy 1999/11/29 v1.2d
\pmbraise@=\dimen106
)
(d:\CTEX\MiKTeX\tex\latex\ams\math\amsopn.sty
Package: amsopn 1999/12/14 v2.01 operator names
)
\inf@bad=\count91
LaTeX Info: Redefining \frac on input line 211.
\uproot@=\count92
\leftroot@=\count93
LaTeX Info: Redefining \overline on input line 307.
\classnum@=\count94
\DOTSCASE@=\count95
LaTeX Info: Redefining \ldots on input line 379.
LaTeX Info: Redefining \dots on input line 382.
LaTeX Info: Redefining \cdots on input line 467.
\Mathstrutbox@=\box26
\strutbox@=\box27
\big@size=\dimen107
LaTeX Font Info:    Redeclaring font encoding OML on input line 567.
LaTeX Font Info:    Redeclaring font encoding OMS on input line 568.
\macc@depth=\count96
\c@MaxMatrixCols=\count97
\dotsspace@=\muskip10
\c@parentequation=\count98
\dspbrk@lvl=\count99
\tag@help=\toks15
\row@=\count100
\column@=\count101
\maxfields@=\count102
\andhelp@=\toks16
\eqnshift@=\dimen108
\alignsep@=\dimen109
\tagshift@=\dimen110
\tagwidth@=\dimen111
\totwidth@=\dimen112
\lineht@=\dimen113
\@envbody=\toks17
\multlinegap=\skip47
\multlinetaggap=\skip48
\mathdisplay@stack=\toks18
LaTeX Info: Redefining \[ on input line 2666.
LaTeX Info: Redefining \] on input line 2667.
)
(d:\CTEX\MiKTeX\tex\latex\amsfonts\amssymb.sty
Package: amssymb 2009/06/22 v3.00

(d:\CTEX\MiKTeX\tex\latex\amsfonts\amsfonts.sty
Package: amsfonts 2009/06/22 v3.00 Basic AMSFonts support
\symAMSa=\mathgroup4
\symAMSb=\mathgroup5
LaTeX Font Info:    Overwriting math alphabet `\mathfrak' in version `bold'
(Font)                  U/euf/m/n --> U/euf/b/n on input line 96.
))
(d:\CTEX\UserData\tex\latex\txfonts\txfonts.sty
Package: txfonts 2008/01/22 v3.2.1
LaTeX Font Info:    Redeclaring symbol font `operators' on input line 21.
LaTeX Font Info:    Overwriting symbol font `operators' in version `normal'
(Font)                  OT1/cmr/m/n --> OT1/txr/m/n on input line 21.
LaTeX Font Info:    Overwriting symbol font `operators' in version `bold'
(Font)                  OT1/cmr/bx/n --> OT1/txr/m/n on input line 21.
LaTeX Font Info:    Overwriting symbol font `operators' in version `bold'
(Font)                  OT1/txr/m/n --> OT1/txr/bx/n on input line 22.
\symitalic=\mathgroup6
LaTeX Font Info:    Overwriting symbol font `italic' in version `bold'
(Font)                  OT1/txr/m/it --> OT1/txr/bx/it on input line 26.
LaTeX Font Info:    Redeclaring math alphabet \mathbf on input line 29.
LaTeX Font Info:    Overwriting math alphabet `\mathbf' in version `normal'
(Font)                  OT1/cmr/bx/n --> OT1/txr/bx/n on input line 29.
LaTeX Font Info:    Overwriting math alphabet `\mathbf' in version `bold'
(Font)                  OT1/cmr/bx/n --> OT1/txr/bx/n on input line 29.
LaTeX Font Info:    Redeclaring math alphabet \mathit on input line 30.
LaTeX Font Info:    Overwriting math alphabet `\mathit' in version `normal'
(Font)                  OT1/cmr/m/it --> OT1/txr/m/it on input line 30.
LaTeX Font Info:    Overwriting math alphabet `\mathit' in version `bold'
(Font)                  OT1/cmr/bx/it --> OT1/txr/m/it on input line 30.
LaTeX Font Info:    Overwriting math alphabet `\mathit' in version `bold'
(Font)                  OT1/txr/m/it --> OT1/txr/bx/it on input line 31.
LaTeX Font Info:    Redeclaring math alphabet \mathsf on input line 40.
LaTeX Font Info:    Overwriting math alphabet `\mathsf' in version `normal'
(Font)                  OT1/cmss/m/n --> OT1/txss/m/n on input line 40.
LaTeX Font Info:    Overwriting math alphabet `\mathsf' in version `bold'
(Font)                  OT1/cmss/bx/n --> OT1/txss/m/n on input line 40.
LaTeX Font Info:    Overwriting math alphabet `\mathsf' in version `bold'
(Font)                  OT1/txss/m/n --> OT1/txss/b/n on input line 41.
LaTeX Font Info:    Redeclaring math alphabet \mathtt on input line 50.
LaTeX Font Info:    Overwriting math alphabet `\mathtt' in version `normal'
(Font)                  OT1/cmtt/m/n --> OT1/txtt/m/n on input line 50.
LaTeX Font Info:    Overwriting math alphabet `\mathtt' in version `bold'
(Font)                  OT1/cmtt/m/n --> OT1/txtt/m/n on input line 50.
LaTeX Font Info:    Overwriting math alphabet `\mathtt' in version `bold'
(Font)                  OT1/txtt/m/n --> OT1/txtt/b/n on input line 51.
LaTeX Font Info:    Redeclaring symbol font `letters' on input line 58.
LaTeX Font Info:    Overwriting symbol font `letters' in version `normal'
(Font)                  OML/cmm/m/it --> OML/txmi/m/it on input line 58.
LaTeX Font Info:    Overwriting symbol font `letters' in version `bold'
(Font)                  OML/cmm/b/it --> OML/txmi/m/it on input line 58.
LaTeX Font Info:    Overwriting symbol font `letters' in version `bold'
(Font)                  OML/txmi/m/it --> OML/txmi/bx/it on input line 59.
\symlettersA=\mathgroup7
LaTeX Font Info:    Overwriting symbol font `lettersA' in version `bold'
(Font)                  U/txmia/m/it --> U/txmia/bx/it on input line 67.
LaTeX Font Info:    Redeclaring math alphabet \mathfrak on input line 70.
LaTeX Font Info:    Redeclaring symbol font `symbols' on input line 77.
LaTeX Font Info:    Overwriting symbol font `symbols' in version `normal'
(Font)                  OMS/cmsy/m/n --> OMS/txsy/m/n on input line 77.
LaTeX Font Info:    Overwriting symbol font `symbols' in version `bold'
(Font)                  OMS/cmsy/b/n --> OMS/txsy/m/n on input line 77.
LaTeX Font Info:    Overwriting symbol font `symbols' in version `bold'
(Font)                  OMS/txsy/m/n --> OMS/txsy/bx/n on input line 78.
LaTeX Font Info:    Redeclaring symbol font `AMSa' on input line 93.
LaTeX Font Info:    Overwriting symbol font `AMSa' in version `normal'
(Font)                  U/msa/m/n --> U/txsya/m/n on input line 93.
LaTeX Font Info:    Overwriting symbol font `AMSa' in version `bold'
(Font)                  U/msa/m/n --> U/txsya/m/n on input line 93.
LaTeX Font Info:    Overwriting symbol font `AMSa' in version `bold'
(Font)                  U/txsya/m/n --> U/txsya/bx/n on input line 94.
LaTeX Font Info:    Redeclaring symbol font `AMSb' on input line 102.
LaTeX Font Info:    Overwriting symbol font `AMSb' in version `normal'
(Font)                  U/msb/m/n --> U/txsyb/m/n on input line 102.
LaTeX Font Info:    Overwriting symbol font `AMSb' in version `bold'
(Font)                  U/msb/m/n --> U/txsyb/m/n on input line 102.
LaTeX Font Info:    Overwriting symbol font `AMSb' in version `bold'
(Font)                  U/txsyb/m/n --> U/txsyb/bx/n on input line 103.
\symsymbolsC=\mathgroup8
LaTeX Font Info:    Overwriting symbol font `symbolsC' in version `bold'
(Font)                  U/txsyc/m/n --> U/txsyc/bx/n on input line 113.
LaTeX Font Info:    Redeclaring symbol font `largesymbols' on input line 120.
LaTeX Font Info:    Overwriting symbol font `largesymbols' in version `normal'
(Font)                  OMX/cmex/m/n --> OMX/txex/m/n on input line 120.
LaTeX Font Info:    Overwriting symbol font `largesymbols' in version `bold'
(Font)                  OMX/cmex/m/n --> OMX/txex/m/n on input line 120.
LaTeX Font Info:    Overwriting symbol font `largesymbols' in version `bold'
(Font)                  OMX/txex/m/n --> OMX/txex/bx/n on input line 121.
\symlargesymbolsA=\mathgroup9
LaTeX Font Info:    Overwriting symbol font `largesymbolsA' in version `bold'
(Font)                  U/txexa/m/n --> U/txexa/bx/n on input line 129.
LaTeX Info: Redefining \not on input line 1043.
)
(d:\CTEX\MiKTeX\tex\latex\graphics\graphicx.sty
Package: graphicx 1999/02/16 v1.0f Enhanced LaTeX Graphics (DPC,SPQR)

(d:\CTEX\MiKTeX\tex\latex\graphics\keyval.sty
Package: keyval 1999/03/16 v1.13 key=value parser (DPC)
\KV@toks@=\toks19
)
(d:\CTEX\MiKTeX\tex\latex\graphics\graphics.sty
Package: graphics 2009/02/05 v1.0o Standard LaTeX Graphics (DPC,SPQR)

(d:\CTEX\MiKTeX\tex\latex\graphics\trig.sty
Package: trig 1999/03/16 v1.09 sin cos tan (DPC)
)
(d:\CTEX\MiKTeX\tex\latex\00miktex\graphics.cfg
File: graphics.cfg 2007/01/18 v1.5 graphics configuration of teTeX/TeXLive
)
Package graphics Info: Driver file: pdftex.def on input line 91.

(d:\CTEX\MiKTeX\tex\latex\pdftex-def\pdftex.def
File: pdftex.def 2011/05/27 v0.06d Graphics/color for pdfTeX

(d:\CTEX\MiKTeX\tex\generic\oberdiek\infwarerr.sty
Package: infwarerr 2010/04/08 v1.3 Providing info/warning/message (HO)
)
(d:\CTEX\MiKTeX\tex\generic\oberdiek\ltxcmds.sty
Package: ltxcmds 2011/04/18 v1.20 LaTeX kernel commands for general use (HO)
)
\Gread@gobject=\count103
))
\Gin@req@height=\dimen114
\Gin@req@width=\dimen115
)
(d:\CTEX\UserData\tex\latex\subfig\subfig.sty
Package: subfig 2005/06/28 ver: 1.3 subfig package

(d:\CTEX\UserData\tex\latex\caption\caption.sty
Package: caption 2013/05/02 v3.3-89 Customizing captions (AR)

(d:\CTEX\UserData\tex\latex\caption\caption3.sty
Package: caption3 2013/05/02 v1.6-88 caption3 kernel (AR)
Package caption3 Info: TeX engine: e-TeX on input line 57.
\captionmargin=\dimen116
\captionmargin@=\dimen117
\captionwidth=\dimen118
\caption@tempdima=\dimen119
\caption@indent=\dimen120
\caption@parindent=\dimen121
\caption@hangindent=\dimen122
)
\c@ContinuedFloat=\count104
)
\c@KVtest=\count105
\sf@farskip=\skip49
\sf@captopadj=\dimen123
\sf@capskip=\skip50
\sf@nearskip=\skip51


Package subfig Warning: Configuration file subfig.cfg not found on input line 2
97.

\c@subfigure=\count106
\c@subfigure@save=\count107
\c@lofdepth=\count108
\c@subtable=\count109
\c@subtable@save=\count110
\c@lotdepth=\count111
\sf@top=\skip52
\sf@bottom=\skip53
) (d:\CTEX\MiKTeX\tex\latex\tools\indentfirst.sty
Package: indentfirst 1995/11/23 v1.03 Indent first paragraph (DPC)
)
(d:\CTEX\UserData\tex\latex\paralist\paralist.sty
Package: paralist 2013/06/09 v2.4 Extended list environments
\pltopsep=\skip54
\plpartopsep=\skip55
\plitemsep=\skip56
\plparsep=\skip57
\pl@lab=\toks20
)
(d:\CTEX\MiKTeX\tex\latex\cjk\CJKutf8.sty
Package: CJKutf8 2008/12/29 4.8.2

(d:\CTEX\MiKTeX\tex\latex\base\inputenc.sty
Package: inputenc 2008/03/30 v1.1d Input encoding file
\inpenc@prehook=\toks21
\inpenc@posthook=\toks22

(d:\CTEX\MiKTeX\tex\latex\base\utf8.def
File: utf8.def 2008/04/05 v1.1m UTF-8 support for inputenc
Now handling font encoding OML ...
... no UTF-8 mapping file for font encoding OML
Now handling font encoding T1 ...
... processing UTF-8 mapping file for font encoding T1

(d:\CTEX\MiKTeX\tex\latex\base\t1enc.dfu
File: t1enc.dfu 2008/04/05 v1.1m UTF-8 support for inputenc
   defining Unicode char U+00A1 (decimal 161)
   defining Unicode char U+00A3 (decimal 163)
   defining Unicode char U+00AB (decimal 171)
   defining Unicode char U+00BB (decimal 187)
   defining Unicode char U+00BF (decimal 191)
   defining Unicode char U+00C0 (decimal 192)
   defining Unicode char U+00C1 (decimal 193)
   defining Unicode char U+00C2 (decimal 194)
   defining Unicode char U+00C3 (decimal 195)
   defining Unicode char U+00C4 (decimal 196)
   defining Unicode char U+00C5 (decimal 197)
   defining Unicode char U+00C6 (decimal 198)
   defining Unicode char U+00C7 (decimal 199)
   defining Unicode char U+00C8 (decimal 200)
   defining Unicode char U+00C9 (decimal 201)
   defining Unicode char U+00CA (decimal 202)
   defining Unicode char U+00CB (decimal 203)
   defining Unicode char U+00CC (decimal 204)
   defining Unicode char U+00CD (decimal 205)
   defining Unicode char U+00CE (decimal 206)
   defining Unicode char U+00CF (decimal 207)
   defining Unicode char U+00D0 (decimal 208)
   defining Unicode char U+00D1 (decimal 209)
   defining Unicode char U+00D2 (decimal 210)
   defining Unicode char U+00D3 (decimal 211)
   defining Unicode char U+00D4 (decimal 212)
   defining Unicode char U+00D5 (decimal 213)
   defining Unicode char U+00D6 (decimal 214)
   defining Unicode char U+00D8 (decimal 216)
   defining Unicode char U+00D9 (decimal 217)
   defining Unicode char U+00DA (decimal 218)
   defining Unicode char U+00DB (decimal 219)
   defining Unicode char U+00DC (decimal 220)
   defining Unicode char U+00DD (decimal 221)
   defining Unicode char U+00DE (decimal 222)
   defining Unicode char U+00DF (decimal 223)
   defining Unicode char U+00E0 (decimal 224)
   defining Unicode char U+00E1 (decimal 225)
   defining Unicode char U+00E2 (decimal 226)
   defining Unicode char U+00E3 (decimal 227)
   defining Unicode char U+00E4 (decimal 228)
   defining Unicode char U+00E5 (decimal 229)
   defining Unicode char U+00E6 (decimal 230)
   defining Unicode char U+00E7 (decimal 231)
   defining Unicode char U+00E8 (decimal 232)
   defining Unicode char U+00E9 (decimal 233)
   defining Unicode char U+00EA (decimal 234)
   defining Unicode char U+00EB (decimal 235)
   defining Unicode char U+00EC (decimal 236)
   defining Unicode char U+00ED (decimal 237)
   defining Unicode char U+00EE (decimal 238)
   defining Unicode char U+00EF (decimal 239)
   defining Unicode char U+00F0 (decimal 240)
   defining Unicode char U+00F1 (decimal 241)
   defining Unicode char U+00F2 (decimal 242)
   defining Unicode char U+00F3 (decimal 243)
   defining Unicode char U+00F4 (decimal 244)
   defining Unicode char U+00F5 (decimal 245)
   defining Unicode char U+00F6 (decimal 246)
   defining Unicode char U+00F8 (decimal 248)
   defining Unicode char U+00F9 (decimal 249)
   defining Unicode char U+00FA (decimal 250)
   defining Unicode char U+00FB (decimal 251)
   defining Unicode char U+00FC (decimal 252)
   defining Unicode char U+00FD (decimal 253)
   defining Unicode char U+00FE (decimal 254)
   defining Unicode char U+00FF (decimal 255)
   defining Unicode char U+0102 (decimal 258)
   defining Unicode char U+0103 (decimal 259)
   defining Unicode char U+0104 (decimal 260)
   defining Unicode char U+0105 (decimal 261)
   defining Unicode char U+0106 (decimal 262)
   defining Unicode char U+0107 (decimal 263)
   defining Unicode char U+010C (decimal 268)
   defining Unicode char U+010D (decimal 269)
   defining Unicode char U+010E (decimal 270)
   defining Unicode char U+010F (decimal 271)
   defining Unicode char U+0110 (decimal 272)
   defining Unicode char U+0111 (decimal 273)
   defining Unicode char U+0118 (decimal 280)
   defining Unicode char U+0119 (decimal 281)
   defining Unicode char U+011A (decimal 282)
   defining Unicode char U+011B (decimal 283)
   defining Unicode char U+011E (decimal 286)
   defining Unicode char U+011F (decimal 287)
   defining Unicode char U+0130 (decimal 304)
   defining Unicode char U+0131 (decimal 305)
   defining Unicode char U+0132 (decimal 306)
   defining Unicode char U+0133 (decimal 307)
   defining Unicode char U+0139 (decimal 313)
   defining Unicode char U+013A (decimal 314)
   defining Unicode char U+013D (decimal 317)
   defining Unicode char U+013E (decimal 318)
   defining Unicode char U+0141 (decimal 321)
   defining Unicode char U+0142 (decimal 322)
   defining Unicode char U+0143 (decimal 323)
   defining Unicode char U+0144 (decimal 324)
   defining Unicode char U+0147 (decimal 327)
   defining Unicode char U+0148 (decimal 328)
   defining Unicode char U+014A (decimal 330)
   defining Unicode char U+014B (decimal 331)
   defining Unicode char U+0150 (decimal 336)
   defining Unicode char U+0151 (decimal 337)
   defining Unicode char U+0152 (decimal 338)
   defining Unicode char U+0153 (decimal 339)
   defining Unicode char U+0154 (decimal 340)
   defining Unicode char U+0155 (decimal 341)
   defining Unicode char U+0158 (decimal 344)
   defining Unicode char U+0159 (decimal 345)
   defining Unicode char U+015A (decimal 346)
   defining Unicode char U+015B (decimal 347)
   defining Unicode char U+015E (decimal 350)
   defining Unicode char U+015F (decimal 351)
   defining Unicode char U+0160 (decimal 352)
   defining Unicode char U+0161 (decimal 353)
   defining Unicode char U+0162 (decimal 354)
   defining Unicode char U+0163 (decimal 355)
   defining Unicode char U+0164 (decimal 356)
   defining Unicode char U+0165 (decimal 357)
   defining Unicode char U+016E (decimal 366)
   defining Unicode char U+016F (decimal 367)
   defining Unicode char U+0170 (decimal 368)
   defining Unicode char U+0171 (decimal 369)
   defining Unicode char U+0178 (decimal 376)
   defining Unicode char U+0179 (decimal 377)
   defining Unicode char U+017A (decimal 378)
   defining Unicode char U+017B (decimal 379)
   defining Unicode char U+017C (decimal 380)
   defining Unicode char U+017D (decimal 381)
   defining Unicode char U+017E (decimal 382)
   defining Unicode char U+200C (decimal 8204)
   defining Unicode char U+2013 (decimal 8211)
   defining Unicode char U+2014 (decimal 8212)
   defining Unicode char U+2018 (decimal 8216)
   defining Unicode char U+2019 (decimal 8217)
   defining Unicode char U+201A (decimal 8218)
   defining Unicode char U+201C (decimal 8220)
   defining Unicode char U+201D (decimal 8221)
   defining Unicode char U+201E (decimal 8222)
   defining Unicode char U+2030 (decimal 8240)
   defining Unicode char U+2031 (decimal 8241)
   defining Unicode char U+2039 (decimal 8249)
   defining Unicode char U+203A (decimal 8250)
   defining Unicode char U+2423 (decimal 9251)
)
Now handling font encoding OT1 ...
... processing UTF-8 mapping file for font encoding OT1

(d:\CTEX\MiKTeX\tex\latex\base\ot1enc.dfu
File: ot1enc.dfu 2008/04/05 v1.1m UTF-8 support for inputenc
   defining Unicode char U+00A1 (decimal 161)
   defining Unicode char U+00A3 (decimal 163)
   defining Unicode char U+00B8 (decimal 184)
   defining Unicode char U+00BF (decimal 191)
   defining Unicode char U+00C5 (decimal 197)
   defining Unicode char U+00C6 (decimal 198)
   defining Unicode char U+00D8 (decimal 216)
   defining Unicode char U+00DF (decimal 223)
   defining Unicode char U+00E6 (decimal 230)
   defining Unicode char U+00EC (decimal 236)
   defining Unicode char U+00ED (decimal 237)
   defining Unicode char U+00EE (decimal 238)
   defining Unicode char U+00EF (decimal 239)
   defining Unicode char U+00F8 (decimal 248)
   defining Unicode char U+0131 (decimal 305)
   defining Unicode char U+0141 (decimal 321)
   defining Unicode char U+0142 (decimal 322)
   defining Unicode char U+0152 (decimal 338)
   defining Unicode char U+0153 (decimal 339)
   defining Unicode char U+2013 (decimal 8211)
   defining Unicode char U+2014 (decimal 8212)
   defining Unicode char U+2018 (decimal 8216)
   defining Unicode char U+2019 (decimal 8217)
   defining Unicode char U+201C (decimal 8220)
   defining Unicode char U+201D (decimal 8221)
)
Now handling font encoding OMS ...
... processing UTF-8 mapping file for font encoding OMS

(d:\CTEX\MiKTeX\tex\latex\base\omsenc.dfu
File: omsenc.dfu 2008/04/05 v1.1m UTF-8 support for inputenc
   defining Unicode char U+00A7 (decimal 167)
   defining Unicode char U+00B6 (decimal 182)
   defining Unicode char U+00B7 (decimal 183)
   defining Unicode char U+2020 (decimal 8224)
   defining Unicode char U+2021 (decimal 8225)
   defining Unicode char U+2022 (decimal 8226)
)
Now handling font encoding OMX ...
... no UTF-8 mapping file for font encoding OMX
Now handling font encoding U ...
... no UTF-8 mapping file for font encoding U
   defining Unicode char U+00A9 (decimal 169)
   defining Unicode char U+00AA (decimal 170)
   defining Unicode char U+00AE (decimal 174)
   defining Unicode char U+00BA (decimal 186)
   defining Unicode char U+02C6 (decimal 710)
   defining Unicode char U+02DC (decimal 732)
   defining Unicode char U+200C (decimal 8204)
   defining Unicode char U+2026 (decimal 8230)
   defining Unicode char U+2122 (decimal 8482)
   defining Unicode char U+2423 (decimal 9251)
))
(d:\CTEX\MiKTeX\tex\latex\cjk\CJK.sty
Package: CJK 2008/12/29 4.8.2

(d:\CTEX\MiKTeX\tex\latex\cjk\mule\MULEenc.sty
Package: MULEenc 2008/12/29 4.8.2
)
(d:\CTEX\MiKTeX\tex\latex\cjk\CJK.enc
File: CJK.enc 2008/12/29 4.8.2
Now handling font encoding C00 ...
... no UTF-8 mapping file for font encoding C00
Now handling font encoding C05 ...
... no UTF-8 mapping file for font encoding C05
Now handling font encoding C09 ...
... no UTF-8 mapping file for font encoding C09
Now handling font encoding C10 ...
... no UTF-8 mapping file for font encoding C10
Now handling font encoding C20 ...
... no UTF-8 mapping file for font encoding C20
Now handling font encoding C19 ...
... no UTF-8 mapping file for font encoding C19
Now handling font encoding C40 ...
... no UTF-8 mapping file for font encoding C40
Now handling font encoding C42 ...
... no UTF-8 mapping file for font encoding C42
Now handling font encoding C43 ...
... no UTF-8 mapping file for font encoding C43
Now handling font encoding C50 ...
... no UTF-8 mapping file for font encoding C50
Now handling font encoding C52 ...
... no UTF-8 mapping file for font encoding C52
Now handling font encoding C49 ...
... no UTF-8 mapping file for font encoding C49
Now handling font encoding C60 ...
... no UTF-8 mapping file for font encoding C60
Now handling font encoding C61 ...
... no UTF-8 mapping file for font encoding C61
Now handling font encoding C63 ...
... no UTF-8 mapping file for font encoding C63
Now handling font encoding C64 ...
... no UTF-8 mapping file for font encoding C64
Now handling font encoding C65 ...
... no UTF-8 mapping file for font encoding C65
Now handling font encoding C70 ...
... no UTF-8 mapping file for font encoding C70
Now handling font encoding C31 ...
... no UTF-8 mapping file for font encoding C31
Now handling font encoding C32 ...
... no UTF-8 mapping file for font encoding C32
Now handling font encoding C33 ...
... no UTF-8 mapping file for font encoding C33
Now handling font encoding C34 ...
... no UTF-8 mapping file for font encoding C34
Now handling font encoding C35 ...
... no UTF-8 mapping file for font encoding C35
Now handling font encoding C36 ...
... no UTF-8 mapping file for font encoding C36
Now handling font encoding C37 ...
... no UTF-8 mapping file for font encoding C37
Now handling font encoding C80 ...
... no UTF-8 mapping file for font encoding C80
Now handling font encoding C81 ...
... no UTF-8 mapping file for font encoding C81
Now handling font encoding C01 ...
... no UTF-8 mapping file for font encoding C01
Now handling font encoding C11 ...
... no UTF-8 mapping file for font encoding C11
Now handling font encoding C21 ...
... no UTF-8 mapping file for font encoding C21
Now handling font encoding C41 ...
... no UTF-8 mapping file for font encoding C41
Now handling font encoding C62 ...
... no UTF-8 mapping file for font encoding C62
)
LaTeX Info: Redefining \selectfont on input line 756.
\CJK@indent=\box28
)
(d:\CTEX\MiKTeX\tex\latex\base\fontenc.sty
Package: fontenc 2005/09/27 v1.99g Standard LaTeX package
))
(d:\CTEX\MiKTeX\tex\latex\cjk\CJKnumb.sty
Package: CJKnumb 2008/12/29 4.8.2
\CJK@q=\count112
\CJK@r=\count113
)
(d:\CTEX\MiKTeX\tex\latex\cjk\CJKspace.sty
Package: CJKspace 2008/12/29 3.8.0
)
(d:\CTEX\CTeX\tex\latex\ccmap\ccmap.sty
Package: ccmap 2006/11/18


Package ccmap Warning: fontenc already loaded - some fonts may be unprocessed.

\CCT@hooka@@=\toks23
) (d:\CTEX\UserData\tex\latex\ntheorem\ntheorem.sty
Style `ntheorem', Version 1.33 <2011/08/15>
Package: ntheorem 2011/08/15 1.33
\theorem@style=\toks24
\theorem@@style=\toks25
\theorembodyfont=\toks26
\theoremnumbering=\toks27
\theorempreskipamount=\skip58
\theorempostskipamount=\skip59
\theoremframepreskipamount=\skip60
\theoremframepostskipamount=\skip61
\theoreminframepreskipamount=\skip62
\theoreminframepostskipamount=\skip63
\theorem@preskip=\toks28
\theorem@postskip=\toks29
\theorem@framepreskip=\toks30
\theorem@framepostskip=\toks31
\theorem@inframepreskip=\toks32
\theorem@inframepostskip=\toks33
\theoremindent=\dimen124
\theorem@indent=\dimen125
\theoremrightindent=\dimen126
\theorem@rightindent=\dimen127
\theoremheaderfont=\toks34
\theoremseparator=\toks35
\theoremprework=\toks36
\theorempostwork=\toks37
\theoremsymbol=\toks38
\qedsymbol=\toks39
\theoremkeyword=\toks40
\qedsymbol=\toks41
\thm@topsep=\skip64
\thm@topsepadd=\skip65
Package ntheorem Info: Option `thmmarks' loaded on input line 1175.
\c@endNonectr=\count114
\c@currNonectr=\count115
\mysavskip=\skip66
Package ntheorem Info: option `amsmath' handling for `thmmarks' loaded on input
 line 1175.
\thm@amstmpdepth=\dimen128
\tagwidth=\dimen129
) (d:\CTEX\MiKTeX\tex\latex\tools\array.sty
Package: array 2008/09/09 v2.4c Tabular extension package (FMi)
\col@sep=\dimen130
\extrarowheight=\dimen131
\NC@list=\toks42
\extratabsurround=\skip67
\backup@length=\skip68
)
(d:\CTEX\MiKTeX\tex\latex\tools\longtable.sty
Package: longtable 2004/02/01 v4.11 Multi-page Table package (DPC)
\LTleft=\skip69
\LTright=\skip70
\LTpre=\skip71
\LTpost=\skip72
\LTchunksize=\count116
\LTcapwidth=\dimen132
\LT@head=\box29
\LT@firsthead=\box30
\LT@foot=\box31
\LT@lastfoot=\box32
\LT@cols=\count117
\LT@rows=\count118
\c@LT@tables=\count119
\c@LT@chunks=\count120
\LT@p@ftn=\toks43
)
(d:\CTEX\UserData\tex\latex\booktabs\booktabs.sty
Package: booktabs 2005/04/14 v1.61803 publication quality tables
\heavyrulewidth=\dimen133
\lightrulewidth=\dimen134
\cmidrulewidth=\dimen135
\belowrulesep=\dimen136
\belowbottomsep=\dimen137
\aboverulesep=\dimen138
\abovetopsep=\dimen139
\cmidrulesep=\dimen140
\cmidrulekern=\dimen141
\defaultaddspace=\dimen142
\@cmidla=\count121
\@cmidlb=\count122
\@aboverulesep=\dimen143
\@belowrulesep=\dimen144
\@thisruleclass=\count123
\@lastruleclass=\count124
\@thisrulewidth=\dimen145
)
(d:\CTEX\UserData\tex\latex\natbib\natbib.sty
Package: natbib 2010/09/13 8.31b (PWD, AO)
\bibhang=\skip73
\bibsep=\skip74
LaTeX Info: Redefining \cite on input line 694.
\c@NAT@ctr=\count125
)
(d:\CTEX\MiKTeX\tex\latex\hyperref\hyperref.sty
Package: hyperref 2012/02/06 v6.82o Hypertext links for LaTeX

(d:\CTEX\MiKTeX\tex\generic\oberdiek\hobsub-hyperref.sty
Package: hobsub-hyperref 2011/04/23 v1.4 Bundle oberdiek, subset hyperref (HO)

(d:\CTEX\MiKTeX\tex\generic\oberdiek\hobsub-generic.sty
Package: hobsub-generic 2011/04/23 v1.4 Bundle oberdiek, subset generic (HO)
Package: hobsub 2011/04/23 v1.4 Subsetting bundle oberdiek (HO)
Package hobsub Info: Skipping package `infwarerr' (already loaded).
Package hobsub Info: Skipping package `ltxcmds' (already loaded).
Package: ifluatex 2010/03/01 v1.3 Provides the ifluatex switch (HO)
Package ifluatex Info: LuaTeX not detected.
Package: ifvtex 2010/03/01 v1.5 Switches for detecting VTeX and its modes (HO)
Package ifvtex Info: VTeX not detected.
Package: intcalc 2007/09/27 v1.1 Expandable integer calculations (HO)
Package hobsub Info: Skipping package `ifpdf' (already loaded).
Package: etexcmds 2011/02/16 v1.5 Prefix for e-TeX command names (HO)
Package etexcmds Info: Could not find \expanded.
(etexcmds)             That can mean that you are not using pdfTeX 1.50 or
(etexcmds)             that some package has redefined \expanded.
(etexcmds)             In the latter case, load this package earlier.
Package: kvsetkeys 2011/04/07 v1.13 Key value parser (HO)
Package: kvdefinekeys 2011/04/07 v1.3 Defining keys (HO)
Package: pdftexcmds 2011/04/22 v0.16 Utilities of pdfTeX for LuaTeX (HO)
Package pdftexcmds Info: LuaTeX not detected.
Package pdftexcmds Info: \pdf@primitive is available.
Package pdftexcmds Info: \pdf@ifprimitive is available.
Package pdftexcmds Info: \pdfdraftmode found.
Package: pdfescape 2011/04/04 v1.12 Provides string conversions (HO)
Package: bigintcalc 2011/01/30 v1.2 Expandable big integer calculations (HO)
Package: bitset 2011/01/30 v1.1 Data type bit set (HO)
Package: uniquecounter 2011/01/30 v1.2 Provides unlimited unique counter (HO)
)
Package hobsub Info: Skipping package `hobsub' (already loaded).
Package: letltxmacro 2010/09/02 v1.4 Let assignment for LaTeX macros (HO)
Package: hopatch 2011/01/30 v1.0 Wrapper for package hooks (HO)
Package: xcolor-patch 2011/01/30 xcolor patch
Package: atveryend 2011/04/23 v1.7 Hooks at very end of document (HO)
Package: atbegshi 2011/01/30 v1.15 At begin shipout hook (HO)
Package: refcount 2010/12/01 v3.2 Data extraction from references (HO)
Package: hycolor 2011/01/30 v1.7 Color options of hyperref/bookmark (HO)
)
(d:\CTEX\MiKTeX\tex\latex\oberdiek\kvoptions.sty
Package: kvoptions 2010/12/23 v3.10 Keyval support for LaTeX options (HO)
)
\@linkdim=\dimen146
\Hy@linkcounter=\count126
\Hy@pagecounter=\count127

(d:\CTEX\MiKTeX\tex\latex\hyperref\pd1enc.def
File: pd1enc.def 2012/02/06 v6.82o Hyperref: PDFDocEncoding definition (HO)
Now handling font encoding PD1 ...
... no UTF-8 mapping file for font encoding PD1
)
\Hy@SavedSpaceFactor=\count128

(d:\CTEX\MiKTeX\tex\latex\00miktex\hyperref.cfg
File: hyperref.cfg 2002/06/06 v1.2 hyperref configuration of TeXLive
)
Package hyperref Info: Hyper figures OFF on input line 4046.
Package hyperref Info: Link nesting OFF on input line 4051.
Package hyperref Info: Hyper index ON on input line 4054.
Package hyperref Info: Plain pages OFF on input line 4061.
Package hyperref Info: Backreferencing OFF on input line 4066.
Package hyperref Info: Implicit mode ON; LaTeX internals redefined.
Package hyperref Info: Bookmarks ON on input line 4284.
\c@Hy@tempcnt=\count129

(d:\CTEX\MiKTeX\tex\latex\ltxmisc\url.sty
\Urlmuskip=\muskip11
Package: url 2006/04/12  ver 3.3  Verb mode for urls, etc.
)
LaTeX Info: Redefining \url on input line 4637.
\Fld@menulength=\count130
\Field@Width=\dimen147
\Fld@charsize=\dimen148
Package hyperref Info: Hyper figures OFF on input line 5757.
Package hyperref Info: Link nesting OFF on input line 5762.
Package hyperref Info: Hyper index ON on input line 5765.
Package hyperref Info: backreferencing OFF on input line 5772.
Package hyperref Info: Link coloring OFF on input line 5777.
Package hyperref Info: Link coloring with OCG OFF on input line 5782.
Package hyperref Info: PDF/A mode OFF on input line 5787.
LaTeX Info: Redefining \ref on input line 5827.
LaTeX Info: Redefining \pageref on input line 5831.
\Hy@abspage=\count131
\c@Item=\count132
\c@Hfootnote=\count133
)

Package hyperref Message: Driver (autodetected): hpdftex.

(d:\CTEX\MiKTeX\tex\latex\hyperref\hpdftex.def
File: hpdftex.def 2012/02/06 v6.82o Hyperref driver for pdfTeX
\Fld@listcount=\count134
\c@bookmark@seq@number=\count135

(d:\CTEX\MiKTeX\tex\latex\oberdiek\rerunfilecheck.sty
Package: rerunfilecheck 2011/04/15 v1.7 Rerun checks for auxiliary files (HO)
Package uniquecounter Info: New unique counter `rerunfilecheck' on input line 2
82.
)
\Hy@SectionHShift=\skip75
)
Package hyperref Info: Option `unicode' set `true' on input line 146.

(d:\CTEX\MiKTeX\tex\latex\hyperref\puenc.def
File: puenc.def 2012/02/06 v6.82o Hyperref: PDF Unicode definition (HO)
Now handling font encoding PU ...
... no UTF-8 mapping file for font encoding PU
)
Package hyperref Info: Option `CJKbookmarks' set `false' on input line 146.
Package hyperref Info: Option `bookmarksnumbered' set `true' on input line 156.

Package hyperref Info: Option `bookmarksopen' set `true' on input line 156.
Package hyperref Info: Option `breaklinks' set `true' on input line 156.
Package hyperref Info: Option `colorlinks' set `false' on input line 156.
Package hyperref Info: Option `plainpages' set `false' on input line 156.


Package hyperref Warning: Option `pdfpagelabels' has already been used,
(hyperref)                setting the option has no effect on input line 156.

(d:\CTEX\CTeX\tex\latex\hypernat\hypernat.sty
Package: hypernat 2001/07/09 v1.0b hyperref and natbib compatibility (jb)
)
\thu@linespace=\skip76
\CJK@twochars=\skip77
\c@pcabs@footnote=\count136
\c@thu@bookmark=\count137
\thu@title@width=\skip78
)
(C:\Users\MistyRain\Desktop\thuthesis@UTF8-4.5.1\thuthesis.cfg
File: thuthesis.cfg 2008/02/28 4.5.1 Tsinghua University Thesis Template
\c@currproofctr=\count138
\c@endproofctr=\count139
\c@proof=\count140
\c@currassumptionctr=\count141
\c@endassumptionctr=\count142
\c@assumption=\count143
\c@currdefinitionctr=\count144
\c@enddefinitionctr=\count145
\c@definition=\count146
\c@currpropositionctr=\count147
\c@endpropositionctr=\count148
\c@proposition=\count149
\c@currlemmactr=\count150
\c@endlemmactr=\count151
\c@lemma=\count152
\c@currtheoremctr=\count153
\c@endtheoremctr=\count154
\c@theorem=\count155
\c@curraxiomctr=\count156
\c@endaxiomctr=\count157
\c@axiom=\count158
\c@currcorollaryctr=\count159
\c@endcorollaryctr=\count160
\c@corollary=\count161
\c@currexercisectr=\count162
\c@endexercisectr=\count163
\c@exercise=\count164
\c@currexamplectr=\count165
\c@endexamplectr=\count166
\c@example=\count167
\c@currremarkctr=\count168
\c@endremarkctr=\count169
\c@remark=\count170
\c@currproblemctr=\count171
\c@endproblemctr=\count172
\c@problem=\count173
\c@currconjecturectr=\count174
\c@endconjecturectr=\count175
\c@conjecture=\count176
)
(C:\Users\MistyRain\Desktop\thuthesis@UTF8-4.5.1\thutils.sty
Package: thutils 2007/11/30 4.1 put any packages you would like to use here

(d:\CTEX\MiKTeX\tex\latex\multirow\multirow.sty
\bigstrutjot=\dimen149
)
(d:\CTEX\MiKTeX\tex\latex\tools\tabularx.sty
Package: tabularx 1999/01/07 v2.07 `tabularx' package (DPC)
\TX@col@width=\dimen150
\TX@old@table=\dimen151
\TX@old@col=\dimen152
\TX@target=\dimen153
\TX@delta=\dimen154
\TX@cols=\count177
\TX@ftn=\toks44
)
(d:\CTEX\UserData\tex\latex\slashbox\slashbox.sty
slashbox style by K.Yasuoka, May 1993.
\@slashboxa=\box33
\@slashboxb=\box34
\@slashboxc=\box35
\@slashboxwd=\count178
\@slashboxht=\count179
\@slashsepl=\dimen155
\@slashsepr=\dimen156
) (d:\CTEX\MiKTeX\tex\latex\float\float.sty
Package: float 2001/11/08 v1.3d Float enhancements (AL)
\c@float@type=\count180
\float@exts=\toks45
\float@box=\box36
\@float@everytoks=\toks46
\@floatcapt=\box37
))
(C:\Users\MistyRain\Desktop\thuthesis@UTF8-4.5.1\main.aux
(C:\Users\MistyRain\Desktop\thuthesis@UTF8-4.5.1\data/chap01.aux)
(C:\Users\MistyRain\Desktop\thuthesis@UTF8-4.5.1\data/chap02.aux)
(C:\Users\MistyRain\Desktop\thuthesis@UTF8-4.5.1\data/ack.aux)
(C:\Users\MistyRain\Desktop\thuthesis@UTF8-4.5.1\data/resume.aux))
LaTeX Font Info:    Checking defaults for OML/txmi/m/it on input line 20.
LaTeX Font Info:    Try loading font information for OML+txmi on input line 20.


(d:\CTEX\UserData\tex\latex\txfonts\omltxmi.fd
File: omltxmi.fd 2000/12/15 v3.1
)
LaTeX Font Info:    ... okay on input line 20.
LaTeX Font Info:    Checking defaults for T1/cmr/m/n on input line 20.
LaTeX Font Info:    ... okay on input line 20.
LaTeX Font Info:    Checking defaults for OT1/cmr/m/n on input line 20.
LaTeX Font Info:    ... okay on input line 20.
LaTeX Font Info:    Checking defaults for OMS/txsy/m/n on input line 20.
LaTeX Font Info:    Try loading font information for OMS+txsy on input line 20.


(d:\CTEX\UserData\tex\latex\txfonts\omstxsy.fd
File: omstxsy.fd 2000/12/15 v3.1
)
LaTeX Font Info:    ... okay on input line 20.
LaTeX Font Info:    Checking defaults for OMX/txex/m/n on input line 20.
LaTeX Font Info:    Try loading font information for OMX+txex on input line 20.


(d:\CTEX\UserData\tex\latex\txfonts\omxtxex.fd
File: omxtxex.fd 2000/12/15 v3.1
)
LaTeX Font Info:    ... okay on input line 20.
LaTeX Font Info:    Checking defaults for U/txexa/m/n on input line 20.
LaTeX Font Info:    Try loading font information for U+txexa on input line 20.

(d:\CTEX\UserData\tex\latex\txfonts\utxexa.fd
File: utxexa.fd 2000/12/15 v3.1
)
LaTeX Font Info:    ... okay on input line 20.
LaTeX Font Info:    Checking defaults for C00/song/m/n on input line 20.
LaTeX Font Info:    ... okay on input line 20.
LaTeX Font Info:    Checking defaults for C05/song/m/n on input line 20.
LaTeX Font Info:    ... okay on input line 20.
LaTeX Font Info:    Checking defaults for C09/song/m/n on input line 20.
LaTeX Font Info:    ... okay on input line 20.
LaTeX Font Info:    Checking defaults for C10/song/m/n on input line 20.
LaTeX Font Info:    ... okay on input line 20.
LaTeX Font Info:    Checking defaults for C20/song/m/n on input line 20.
LaTeX Font Info:    ... okay on input line 20.
LaTeX Font Info:    Checking defaults for C19/song/m/n on input line 20.
LaTeX Font Info:    ... okay on input line 20.
LaTeX Font Info:    Checking defaults for C40/song/m/n on input line 20.
LaTeX Font Info:    ... okay on input line 20.
LaTeX Font Info:    Checking defaults for C42/song/m/n on input line 20.
LaTeX Font Info:    ... okay on input line 20.
LaTeX Font Info:    Checking defaults for C43/song/m/n on input line 20.
LaTeX Font Info:    ... okay on input line 20.
LaTeX Font Info:    Checking defaults for C50/song/m/n on input line 20.
LaTeX Font Info:    ... okay on input line 20.
LaTeX Font Info:    Checking defaults for C52/song/m/n on input line 20.
LaTeX Font Info:    ... okay on input line 20.
LaTeX Font Info:    Checking defaults for C49/song/m/n on input line 20.
LaTeX Font Info:    ... okay on input line 20.
LaTeX Font Info:    Checking defaults for C60/mj/m/n on input line 20.
LaTeX Font Info:    ... okay on input line 20.
LaTeX Font Info:    Checking defaults for C61/mj/m/n on input line 20.
LaTeX Font Info:    ... okay on input line 20.
LaTeX Font Info:    Checking defaults for C63/mj/m/n on input line 20.
LaTeX Font Info:    ... okay on input line 20.
LaTeX Font Info:    Checking defaults for C64/mj/m/n on input line 20.
LaTeX Font Info:    ... okay on input line 20.
LaTeX Font Info:    Checking defaults for C65/mj/m/n on input line 20.
LaTeX Font Info:    ... okay on input line 20.
LaTeX Font Info:    Checking defaults for C70/song/m/n on input line 20.
LaTeX Font Info:    ... okay on input line 20.
LaTeX Font Info:    Checking defaults for C31/song/m/n on input line 20.
LaTeX Font Info:    ... okay on input line 20.
LaTeX Font Info:    Checking defaults for C32/song/m/n on input line 20.
LaTeX Font Info:    ... okay on input line 20.
LaTeX Font Info:    Checking defaults for C33/song/m/n on input line 20.
LaTeX Font Info:    ... okay on input line 20.
LaTeX Font Info:    Checking defaults for C34/song/m/n on input line 20.
LaTeX Font Info:    ... okay on input line 20.
LaTeX Font Info:    Checking defaults for C35/song/m/n on input line 20.
LaTeX Font Info:    ... okay on input line 20.
LaTeX Font Info:    Checking defaults for C36/song/m/n on input line 20.
LaTeX Font Info:    ... okay on input line 20.
LaTeX Font Info:    Checking defaults for C37/song/m/n on input line 20.
LaTeX Font Info:    ... okay on input line 20.
LaTeX Font Info:    Checking defaults for C80/song/m/n on input line 20.
LaTeX Font Info:    ... okay on input line 20.
LaTeX Font Info:    Checking defaults for C81/song/m/n on input line 20.
LaTeX Font Info:    ... okay on input line 20.
LaTeX Font Info:    Checking defaults for C01/song/m/n on input line 20.
LaTeX Font Info:    ... okay on input line 20.
LaTeX Font Info:    Checking defaults for C11/song/m/n on input line 20.
LaTeX Font Info:    ... okay on input line 20.
LaTeX Font Info:    Checking defaults for C21/song/m/n on input line 20.
LaTeX Font Info:    ... okay on input line 20.
LaTeX Font Info:    Checking defaults for C41/song/m/n on input line 20.
LaTeX Font Info:    ... okay on input line 20.
LaTeX Font Info:    Checking defaults for C62/song/m/n on input line 20.
LaTeX Font Info:    ... okay on input line 20.
LaTeX Font Info:    Checking defaults for PD1/pdf/m/n on input line 20.
LaTeX Font Info:    ... okay on input line 20.
LaTeX Font Info:    Checking defaults for PU/pdf/m/n on input line 20.
LaTeX Font Info:    ... okay on input line 20.
LaTeX Font Info:    Try loading font information for OT1+txr on input line 20.

(d:\CTEX\UserData\tex\latex\txfonts\ot1txr.fd
File: ot1txr.fd 2000/12/15 v3.1
)<<ot1.cmap>>
(d:\CTEX\MiKTeX\tex\context\base\supp-pdf.mkii
[Loading MPS to PDF converter (version 2006.09.02).]
\scratchcounter=\count181
\scratchdimen=\dimen157
\scratchbox=\box38
\nofMPsegments=\count182
\nofMParguments=\count183
\everyMPshowfont=\toks47
\MPscratchCnt=\count184
\MPscratchDim=\dimen158
\MPnumerator=\count185
\makeMPintoPDFobject=\count186
\everyMPtoPDFconversion=\toks48
)
Package caption Info: Begin \AtBeginDocument code.
Package caption Info: subfig package v1.3 is loaded.
Package caption Info: float package is loaded.
Package caption Info: hyperref package is loaded.
Package caption Info: longtable package is loaded.
 (d:\CTEX\UserData\tex\latex\caption\ltcaption.sty
Package: ltcaption 2013/02/03 v1.3-62 longtable captions (AR)
)
Package caption Info: End \AtBeginDocument code.
\AtBeginShipoutBox=\box39
Package hyperref Info: Link coloring OFF on input line 20.

(d:\CTEX\MiKTeX\tex\latex\hyperref\nameref.sty
Package: nameref 2010/04/30 v2.40 Cross-referencing by name of section

(d:\CTEX\MiKTeX\tex\generic\oberdiek\gettitlestring.sty
Package: gettitlestring 2010/12/03 v1.4 Cleanup title references (HO)
)
\c@section@level=\count187
)
LaTeX Info: Redefining \ref on input line 20.
LaTeX Info: Redefining \pageref on input line 20.
LaTeX Info: Redefining \nameref on input line 20.

(C:\Users\MistyRain\Desktop\thuthesis@UTF8-4.5.1\main.out)
(C:\Users\MistyRain\Desktop\thuthesis@UTF8-4.5.1\main.out)
\@outlinefile=\write3

(d:\CTEX\MiKTeX\tex\latex\cjk\UTF8\UTF8.bdg
File: UTF8.bdg 2008/12/29 4.8.2
)
(d:\CTEX\MiKTeX\tex\latex\cjk\UTF8\UTF8.enc
File: UTF8.enc 2008/12/29 4.8.2
)
(d:\CTEX\MiKTeX\tex\latex\cjk\UTF8\UTF8.chr
File: UTF8.chr 2008/12/29 4.8.2
)
LaTeX Font Info:    Try loading font information for C70+song on input line 20.


(d:\CTEX\CTeX\tex\latex\CJK\UTF8\c70song.fd
File: c70song.fd 2009/09/23 4.8.2
)

LaTeX Warning: File c7030.cmap not found on input line 20.

(C:\Users\MistyRain\Desktop\thuthesis@UTF8-4.5.1\data/cover.tex)

Package hyperref Warning: Token not allowed in a PDF string (Unicode):
(hyperref)                removing `\\' on input line 29.

LaTeX Font Info:    Try loading font information for OT1+txss on input line 29.

(d:\CTEX\UserData\tex\latex\txfonts\ot1txss.fd
File: ot1txss.fd 2000/12/15 v3.1
)
LaTeX Font Info:    Font shape `OT1/txss/m/n' will be
(Font)              scaled to size 24.79253pt on input line 29.
LaTeX Font Info:    Try loading font information for C70+hei on input line 29.

(d:\CTEX\CTeX\tex\latex\CJK\UTF8\c70hei.fd
File: c70hei.fd 2009/09/23 4.8.2
)

LaTeX Warning: File c706e.cmap not found on input line 29.


LaTeX Warning: File c7053.cmap not found on input line 29.


LaTeX Warning: File c7059.cmap not found on input line 29.


LaTeX Warning: File c705b.cmap not found on input line 29.


LaTeX Warning: File c704f.cmap not found on input line 29.


LaTeX Warning: File c708b.cmap not found on input line 29.


LaTeX Warning: File c7065.cmap not found on input line 29.

LaTeX Font Info:    Calculating math sizes for size <26.09749> on input line 29
.
<<oml.cmap>><<oms.cmap>><<omx.cmap>>
LaTeX Font Info:    Try loading font information for U+txsya on input line 29.

(d:\CTEX\UserData\tex\latex\txfonts\utxsya.fd
File: utxsya.fd 2000/12/15 v3.1
)

LaTeX Warning: File u.cmap not found on input line 29.

LaTeX Font Info:    Try loading font information for U+txsyb on input line 29.
(d:\CTEX\UserData\tex\latex\txfonts\utxsyb.fd
File: utxsyb.fd 2000/12/15 v3.1
)
LaTeX Font Info:    Try loading font information for U+txmia on input line 29.

(d:\CTEX\UserData\tex\latex\txfonts\utxmia.fd
File: utxmia.fd 2000/12/15 v3.1
)
LaTeX Font Info:    Try loading font information for U+txsyc on input line 29.

(d:\CTEX\UserData\tex\latex\txfonts\utxsyc.fd
File: utxsyc.fd 2000/12/15 v3.1
)
LaTeX Font Info:    Font shape `OT1/txss/m/n' will be
(Font)              scaled to size 17.35469pt on input line 29.


LaTeX Warning: File c706a.cmap not found on input line 29.


LaTeX Warning: File c7067.cmap not found on input line 29.


LaTeX Warning: File c7075.cmap not found on input line 29.


LaTeX Warning: File c7079.cmap not found on input line 29.


LaTeX Warning: File c7068.cmap not found on input line 29.


LaTeX Warning: File c70ff.cmap not found on input line 29.


LaTeX Warning: File c705d.cmap not found on input line 29.


LaTeX Warning: File c7058.cmap not found on input line 29.

LaTeX Font Info:    Calculating math sizes for size <16.06> on input line 29.
LaTeX Font Info:    Try loading font information for C70+fs on input line 29.
(d:\CTEX\CTeX\tex\latex\CJK\UTF8\c70fs.fd
File: c70fs.fd 2009/09/23 4.8.2
)

LaTeX Warning: File c7057.cmap not found on input line 29.


LaTeX Warning: File c7051.cmap not found on input line 29.


Underfull \hbox (badness 10000) detected at line 29
\C70/fs/m/n/16.06/57 ù \C70/fs/m/n/16.06/51 { \C70/fs/m/n/16.06/53 U \C70/fs/m/
n/16.06/4f M
 []


LaTeX Warning: File c707b.cmap not found on input line 29.


LaTeX Warning: File c704e.cmap not found on input line 29.


LaTeX Warning: File c7062.cmap not found on input line 29.


LaTeX Warning: File c707c.cmap not found on input line 29.


Underfull \hbox (badness 10000) detected at line 29
\C70/fs/m/n/16.06/5b f \C70/fs/m/n/16.06/79 Ñ
 []


LaTeX Warning: File c7078.cmap not found on input line 29.


LaTeX Warning: File c707a.cmap not found on input line 29.


Underfull \hbox (badness 10000) detected at line 29
\C70/fs/m/n/16.06/78  \C70/fs/m/n/16.06/7a v \C70/fs/m/n/16.06/75 
 []


LaTeX Warning: File c7085.cmap not found on input line 29.


LaTeX Warning: File c7074.cmap not found on input line 29.


LaTeX Warning: File c705c.cmap not found on input line 29.


LaTeX Warning: File c7063.cmap not found on input line 29.


LaTeX Warning: File c705e.cmap not found on input line 29.


Underfull \hbox (badness 10000) detected at line 29
\C70/fs/m/n/16.06/63  \C70/fs/m/n/16.06/5b ü \C70/fs/m/n/16.06/65 Y \C70/fs/m/
n/16.06/5e 
 []


LaTeX Warning: File c7090.cmap not found on input line 29.


LaTeX Warning: File c707e.cmap not found on input line 29.


LaTeX Warning: File c706c.cmap not found on input line 29.


LaTeX Warning: File c7052.cmap not found on input line 29.


LaTeX Warning: File c7096.cmap not found on input line 29.


LaTeX Warning: File c7080.cmap not found on input line 29.


LaTeX Warning: File c7054.cmap not found on input line 29.


Underfull \hbox (badness 10000) detected at line 29
\C70/fs/m/n/16.06/80 T \C70/fs/m/n/16.06/54  \C70/fs/m/n/16.06/5b ü \C70/fs/m/
n/16.06/5e 
 []

[1
Non-PDF special ignored!
Non-PDF special ignored!




{d:/CTEX/UserData/pdftex/config/pdftex.map{Unicode.sfd}{UGBK.sfd}}] [2


]
LaTeX Font Info:    Font shape `OT1/txss/bx/n' in size <22.08249> not available

(Font)              Font shape `OT1/txss/b/n' tried instead on input line 29.
LaTeX Font Info:    Font shape `OT1/txss/b/n' will be
(Font)              scaled to size 20.97829pt on input line 29.
LaTeX Font Info:    Calculating math sizes for size <22.08249> on input line 29
.
LaTeX Font Info:    Font shape `OT1/txss/bx/n' in size <15.45767> not available

(Font)              Font shape `OT1/txss/b/n' tried instead on input line 29.
LaTeX Font Info:    Font shape `OT1/txss/b/n' will be
(Font)              scaled to size 14.68474pt on input line 29.
LaTeX Font Info:    Font shape `OT1/txss/bx/n' in size <16.06> not available
(Font)              Font shape `OT1/txss/b/n' tried instead on input line 29.
LaTeX Font Info:    Font shape `OT1/txss/b/n' will be
(Font)              scaled to size 15.25694pt on input line 29.
LaTeX Font Info:    Font shape `OT1/txss/m/n' will be
(Font)              scaled to size 15.25694pt on input line 29.
LaTeX Font Info:    Calculating math sizes for size <15.05624> on input line 29
.
 [3] [4


]

LaTeX Warning: File c7076.cmap not found on input line 29.


LaTeX Warning: File c7066.cmap not found on input line 29.


LaTeX Warning: File c7089.cmap not found on input line 29.


LaTeX Warning: File c7084.cmap not found on input line 29.


LaTeX Warning: File c7083.cmap not found on input line 29.


LaTeX Warning: File c7056.cmap not found on input line 29.


LaTeX Warning: File c705f.cmap not found on input line 29.


LaTeX Warning: File c7098.cmap not found on input line 29.


LaTeX Warning: File c7091.cmap not found on input line 29.


LaTeX Warning: File c707f.cmap not found on input line 29.


LaTeX Warning: File c706b.cmap not found on input line 29.


LaTeX Warning: File c708d.cmap not found on input line 29.


LaTeX Warning: File c7099.cmap not found on input line 29.


LaTeX Warning: File c706d.cmap not found on input line 29.


LaTeX Warning: File c7088.cmap not found on input line 29.


LaTeX Warning: File c708f.cmap not found on input line 29.

LaTeX Font Info:    Calculating math sizes for size <12.045> on input line 29.
[5] [6


]
LaTeX Font Info:    Font shape `OT1/txss/m/n' will be
(Font)              scaled to size 11.4427pt on input line 29.


LaTeX Warning: File c7064.cmap not found on input line 29.


LaTeX Warning: File c709a.cmap not found on input line 29.


LaTeX Warning: File c7069.cmap not found on input line 29.


LaTeX Warning: File c7095.cmap not found on input line 29.


LaTeX Warning: File c7072.cmap not found on input line 29.


LaTeX Warning: File c7060.cmap not found on input line 29.


LaTeX Warning: File c7081.cmap not found on input line 29.


LaTeX Warning: File c7070.cmap not found on input line 29.

LaTeX Font Info:    Try loading font information for OMS+txr on input line 29.
(d:\CTEX\UserData\tex\latex\txfonts\omstxr.fd
File: omstxr.fd 2000/12/15 v3.1
)
LaTeX Font Info:    Font shape `OMS/txr/m/n' in size <12.045> not available
(Font)              Font shape `OMS/txsy/m/n' tried instead on input line 29.


LaTeX Warning: File c707d.cmap not found on input line 29.


LaTeX Warning: File c7073.cmap not found on input line 29.


LaTeX Warning: File c7086.cmap not found on input line 29.


LaTeX Warning: File c7082.cmap not found on input line 29.


Underfull \vbox (badness 10000) has occurred while \output is active []

pdfTeX warning (ext4): destination with the same identifier (name{page.I}) has 
been already used, duplicate ignored
<to be read again> 
                   \relax 
l.29 \makecover
                [1


]
Underfull \vbox (badness 10000) has occurred while \output is active []

pdfTeX warning (ext4): destination with the same identifier (name{page.II}) has
 been already used, duplicate ignored
<to be read again> 
                   \relax 
l.32 \tableofcontents
                      [2


]
(C:\Users\MistyRain\Desktop\thuthesis@UTF8-4.5.1\main.toc

LaTeX Warning: File c7097.cmap not found on input line 2.


LaTeX Warning: File c708c.cmap not found on input line 19.


Underfull \vbox (badness 10000) has occurred while \output is active []

pdfTeX warning (ext4): destination with the same identifier (name{page.III}) ha
s been already used, duplicate ignored
<to be read again> 
                   \relax 
l.31 ...æ¯è®ºæä¸ç ç©¶ææ}{28}{section*.36}
                                                   [3


])
\tf@toc=\write4

(C:\Users\MistyRain\Desktop\thuthesis@UTF8-4.5.1\data/denotation.tex
Underfull \vbox (badness 10000) has occurred while \output is active []

pdfTeX warning (ext4): destination with the same identifier (name{page.IV}) has
 been already used, duplicate ignored
<to be read again> 
                   \relax 
l.2 
     [4]

LaTeX Warning: File c7071.cmap not found on input line 2.


LaTeX Warning: File c7055.cmap not found on input line 10.


LaTeX Warning: File c7077.cmap not found on input line 24.


LaTeX Warning: File c709f.cmap not found on input line 25.


LaTeX Warning: File c7050.cmap not found on input line 26.


LaTeX Warning: File c709e.cmap not found on input line 30.


LaTeX Warning: File c7087.cmap not found on input line 31.


LaTeX Warning: File c709c.cmap not found on input line 31.


LaTeX Warning: File c708e.cmap not found on input line 31.


Underfull \vbox (badness 10000) has occurred while \output is active []

pdfTeX warning (ext4): destination with the same identifier (name{page.V}) has 
been already used, duplicate ignored
<to be read again> 
                   \relax 
l.32 \end{denotation}
                      [5


])
Underfull \vbox (badness 10000) has occurred while \output is active []

pdfTeX warning (ext4): destination with the same identifier (name{page.VI}) has
 been already used, duplicate ignored
<to be read again> 
                   \relax 
l.39 \mainmatter
                 [6]
(C:\Users\MistyRain\Desktop\thuthesis@UTF8-4.5.1\data/chap01.tex
LaTeX Font Info:    Font shape `OMS/txr/m/n' in size <8.43146> not available
(Font)              Font shape `OMS/txsy/m/n' tried instead on input line 13.
LaTeX Font Info:    Font shape `OMS/txr/m/n' in size <9.03374> not available
(Font)              Font shape `OMS/txsy/m/n' tried instead on input line 17.


LaTeX Warning: File c7061.cmap not found on input line 17.


LaTeX Warning: File c706f.cmap not found on input line 17.

LaTeX Font Info:    Font shape `OT1/txss/m/n' will be
(Font)              scaled to size 13.34981pt on input line 20.

LaTeX Warning: File c705a.cmap not found on input line 34.

LaTeX Font Info:    Try loading font information for C70+kai on input line 36.
(d:\CTEX\CTeX\tex\latex\CJK\UTF8\c70kai.fd
File: c70kai.fd 2009/09/23 4.8.2
)
Underfull \vbox (badness 10000) has occurred while \output is active []

 [1



]

LaTeX Warning: File c709b.cmap not found on input line 44.

LaTeX Font Info:    Try loading font information for C70+you on input line 48.
(d:\CTEX\CTeX\tex\latex\CJK\UTF8\c70you.fd
File: c70you.fd 2009/09/23 4.8.2
)
LaTeX Font Info:    Try loading font information for C70+li on input line 59.

(d:\CTEX\CTeX\tex\latex\CJK\UTF8\c70li.fd
File: c70li.fd 2009/09/23 4.8.2
)
LaTeX Font Info:    Font shape `OT1/txss/m/n' will be
(Font)              scaled to size 12.39626pt on input line 71.
LaTeX Font Info:    Try loading font information for OT1+txtt on input line 75.


(d:\CTEX\UserData\tex\latex\txfonts\ot1txtt.fd
File: ot1txtt.fd 2000/12/15 v3.1
)
LaTeX Font Info:    Calculating math sizes for size <11.04124> on input line 86
.
LaTeX Font Info:    Font shape `OMS/txr/m/n' in size <7.72884> not available
(Font)              Font shape `OMS/txsy/m/n' tried instead on input line 89.

Overfull \hbox (32.33156pt too wide) in alignment at lines 86--96
[][] 
 []


Underfull \vbox (badness 10000) has occurred while \output is active []


Underfull \vbox (badness 10000) has occurred while \output is active []

 [2]

LaTeX Warning: `h' float specifier changed to `ht'.


LaTeX Warning: File ot14e.cmap not found on input line 132.


Underfull \vbox (badness 10000) has occurred while \output is active []

 [3]

LaTeX Warning: File c708a.cmap not found on input line 138.


LaTeX Warning: File c7092.cmap not found on input line 139.


Overfull \hbox (2.28853pt too wide) in paragraph at lines 151--171
$[]$ $[]$ 
 []


LaTeX Warning: `h' float specifier changed to `ht'.


LaTeX Warning: File c7094.cmap not found on input line 182.


Underfull \vbox (badness 10000) has occurred while \output is active []

 [4]
Underfull \hbox (badness 10000) in paragraph at lines 215--215
[]|\OT1/txr/m/n/11.04124 Waxman
 []


Overfull \hbox (0.84471pt too wide) in paragraph at lines 212--224
 [][] 
 []


Underfull \vbox (badness 10000) has occurred while \output is active []

 [5]
Underfull \vbox (badness 10000) has occurred while \output is active []

 [6]
Underfull \vbox (badness 10000) has occurred while \output is active []

 [7]
Underfull \hbox (badness 10000) in paragraph at lines 330--335

 []

Package hyperref Info: bookmark level for unknown assumption defaults to 0 on i
nput line 347.
Package hyperref Info: bookmark level for unknown equation defaults to 0 on inp
ut line 351.

Underfull \vbox (badness 10000) has occurred while \output is active []

 [8]
Package hyperref Info: bookmark level for unknown definition defaults to 0 on i
nput line 359.
Package hyperref Info: bookmark level for unknown proposition defaults to 0 on 
input line 369.
Package hyperref Info: bookmark level for unknown remark defaults to 0 on input
 line 377.
Package hyperref Info: bookmark level for unknown axiom defaults to 0 on input 
line 398.

Underfull \vbox (badness 10000) has occurred while \output is active []

 [9]
Package hyperref Info: bookmark level for unknown lemma defaults to 0 on input 
line 414.
Package hyperref Info: bookmark level for unknown theorem defaults to 0 on inpu
t line 427.
Package hyperref Info: bookmark level for unknown proof defaults to 0 on input 
line 443.


LaTeX Warning: File ot159.cmap not found on input line 446.


Underfull \vbox (badness 10000) has occurred while \output is active []

 [10]
Package hyperref Info: bookmark level for unknown corollary defaults to 0 on in
put line 454.
Package hyperref Info: bookmark level for unknown example defaults to 0 on inpu
t line 471.
Package hyperref Info: bookmark level for unknown exercise defaults to 0 on inp
ut line 483.
Package hyperref Info: bookmark level for unknown conjecture defaults to 0 on i
nput line 486.
Package hyperref Info: bookmark level for unknown problem defaults to 0 on inpu
t line 492.

Underfull \vbox (badness 10000) has occurred while \output is active []

 [11]
LaTeX Font Info:    Calculating math sizes for size <9.03374> on input line 547
.

Underfull \vbox (badness 10000) has occurred while \output is active []

 [12])
Underfull \vbox (badness 10000) has occurred while \output is active []

 [13]
(C:\Users\MistyRain\Desktop\thuthesis@UTF8-4.5.1\data/chap02.tex
<figures/hello.pdf, id=769, 182.6825pt x 51.19125pt>
File: figures/hello.pdf Graphic file (type pdf)
 <use figures/hello.pdf>
Package pdftex.def Info: figures/hello.pdf used on input line 42.
(pdftex.def)             Requested size: 182.68204pt x 51.19112pt.

Underfull \vbox (badness 10000) has occurred while \output is active []

 [14



 <C:/Users/MistyRain/Desktop/thuthesis@UTF8-4.5.1/figures/hello.pdf>]
<figures/thu-fig-logo.pdf, id=788, 68.255pt x 68.255pt>
File: figures/thu-fig-logo.pdf Graphic file (type pdf)

<use figures/thu-fig-logo.pdf>
Package pdftex.def Info: figures/thu-fig-logo.pdf used on input line 69.
(pdftex.def)             Requested size: 56.90575pt x 56.9055pt.

<figures/thu-text-logo.pdf, id=789, 143.53625pt x 47.17625pt>
File: figures/thu-text-logo.pdf Graphic file (type pdf)

<use figures/thu-text-logo.pdf>
Package pdftex.def Info: figures/thu-text-logo.pdf used on input line 72.
(pdftex.def)             Requested size: 173.13841pt x 56.9055pt.

Underfull \vbox (badness 10000) has occurred while \output is active []

 [15 <C:/Users/MistyRain/Desktop/thuthesis@UTF8-4.5.1/figures/thu-fig-logo.pdf>
 <C:/Users/MistyRain/Desktop/thuthesis@UTF8-4.5.1/figures/thu-text-logo.pdf>]
<figures/thu-whole-logo.pdf, id=809, 226.8475pt x 69.25874pt>
File: figures/thu-whole-logo.pdf Graphic file (type pdf)

<use figures/thu-whole-logo.pdf>
Package pdftex.def Info: figures/thu-whole-logo.pdf used on input line 97.
(pdftex.def)             Requested size: 186.38652pt x 56.9055pt.
File: figures/thu-whole-logo.pdf Graphic file (type pdf)
 <use figures/thu-whole-logo.pdf>
Package pdftex.def Info: figures/thu-whole-logo.pdf used on input line 103.
(pdftex.def)             Requested size: 186.38652pt x 56.9055pt.
)
Underfull \vbox (badness 10000) has occurred while \output is active []

 [16 <C:/Users/MistyRain/Desktop/thuthesis@UTF8-4.5.1/figures/thu-whole-logo.pd
f>]
(C:\Users\MistyRain\Desktop\thuthesis@UTF8-4.5.1\main.bbl
LaTeX Font Info:    Calculating math sizes for size <10.53937> on input line 11
.

Underfull \vbox (badness 10000) has occurred while \output is active []

 [17




])
Underfull \vbox (badness 10000) has occurred while \output is active []

 [18]
(C:\Users\MistyRain\Desktop\thuthesis@UTF8-4.5.1\data/ack.tex
Overfull \hbox (2.31377pt too wide) in paragraph at lines 20--20
 []
 []

)
Underfull \vbox (badness 10000) has occurred while \output is active []

 [19



]
(C:\Users\MistyRain\Desktop\thuthesis@UTF8-4.5.1\data/appendix01.tex
\c@currmpdefctr=\count188
\c@endmpdefctr=\count189
\c@mpdef=\count190
Package hyperref Info: bookmark level for unknown mpdef defaults to 0 on input 
line 37.
\c@currmpdefopctr=\count191
\c@endmpdefopctr=\count192
Package hyperref Info: bookmark level for unknown mpdefop defaults to 0 on inpu
t line 49.

Underfull \vbox (badness 10000) has occurred while \output is active []

 [20


pdfTeX warning (ext4): destination with the same identifier (name{equation.A.1.
1}) has been already used, duplicate ignored

\AtBegShi@Output ...ipout \box \AtBeginShipoutBox 
                                                  \fi \fi 
l.53 \end{equation}
                   ]
Underfull \hbox (badness 10000) in paragraph at lines 103--103
[]|\OT1/txr/m/n/11.04124 Waxman
 []


Overfull \hbox (0.84471pt too wide) in paragraph at lines 100--112
 [][] 
 []


Underfull \vbox (badness 10000) has occurred while \output is active []

 [21pdfTeX warning (ext4): destination with the same identifier (name{equation.
A.1.1}) has been already used, duplicate ignored

\AtBegShi@Output ...ipout \box \AtBeginShipoutBox 
                                                  \fi \fi 
l.113 
      ] <figures/thu-lib-logo.pdf, id=857, 219.82124pt x 56.21pt>
File: figures/thu-lib-logo.pdf Graphic file (type pdf)

<use figures/thu-lib-logo.pdf>
Package pdftex.def Info: figures/thu-lib-logo.pdf used on input line 131.
(pdftex.def)             Requested size: 219.8207pt x 56.20985pt.

Underfull \vbox (badness 10000) has occurred while \output is active []

 [22 <C:/Users/MistyRain/Desktop/thuthesis@UTF8-4.5.1/figures/thu-lib-logo.pdf>
]
Underfull \vbox (badness 10000) has occurred while \output is active []


Underfull \vbox (badness 10000) has occurred while \output is active []

 [23]
Underfull \vbox (badness 10000) has occurred while \output is active []

 [24]
Underfull \hbox (badness 10000) in paragraph at lines 206--206
[]|\OT1/txr/m/n/11.04124 Waxman
 []


Overfull \hbox (0.84471pt too wide) in paragraph at lines 203--215
 [][] 
 []


Underfull \vbox (badness 10000) has occurred while \output is active []

 [25

]
File: figures/hello.pdf Graphic file (type pdf)

<use figures/hello.pdf>
Package pdftex.def Info: figures/hello.pdf used on input line 236.
(pdftex.def)             Requested size: 182.68204pt x 51.19112pt.

Underfull \vbox (badness 10000) has occurred while \output is active []

 [26])
Underfull \vbox (badness 10000) has occurred while \output is active []

 [27

]
(C:\Users\MistyRain\Desktop\thuthesis@UTF8-4.5.1\data/resume.tex
Underfull \vbox (badness 10000) has occurred while \output is active []

 [28



])
Underfull \vbox (badness 10000) has occurred while \output is active []

 [29]
\tf@thm=\write5
Package atveryend Info: Empty hook `BeforeClearDocument' on input line 75.
Package atveryend Info: Empty hook `AfterLastShipout' on input line 75.

(C:\Users\MistyRain\Desktop\thuthesis@UTF8-4.5.1\main.aux
(C:\Users\MistyRain\Desktop\thuthesis@UTF8-4.5.1\data/chap01.aux)
(C:\Users\MistyRain\Desktop\thuthesis@UTF8-4.5.1\data/chap02.aux)
(C:\Users\MistyRain\Desktop\thuthesis@UTF8-4.5.1\data/ack.aux)
(C:\Users\MistyRain\Desktop\thuthesis@UTF8-4.5.1\data/resume.aux))
Package atveryend Info: Executing hook `AtVeryEndDocument' on input line 75.
Package atveryend Info: Executing hook `AtEndAfterFileList' on input line 75.
Package rerunfilecheck Info: File `main.out' has not changed.
(rerunfilecheck)             Checksum: 5646005954990D42852C5E6FD2DE9270;4580.
 ) 
Here is how much of TeX's memory you used:
 18472 strings out of 495354
 260810 string characters out of 3183860
 307354 words of memory out of 3000000
 19848 multiletter control sequences out of 15000+200000
 359338 words of font info for 1071 fonts, out of 3000000 for 9000
 15 hyphenation exceptions out of 8191
 51i,22n,52p,311b,2543s stack positions out of 5000i,500n,10000p,200000b,50000s
<C:/Windows/Fonts/simhei.ttf>{d:/CTEX/MiKTeX/fonts/enc/dvips/fontname/8r.enc}
<C:/Windows/Fonts/simhei.ttf><C:/Windows/Fonts/simhei.ttf><d:/CTEX/CTeX/fonts/t
ruetype/chinese/simsun.ttf><C:/Windows/Fonts/simhei.ttf><C:/Windows/Fonts/simhe
i.ttf><d:/CTEX/CTeX/fonts/truetype/chinese/simsun.ttf><d:/CTEX/CTeX/fonts/truet
ype/chinese/simsun.ttf><d:/CTEX/CTeX/fonts/truetype/chinese/simsun.ttf><C:/Wind
ows/Fonts/simhei.ttf><C:/Windows/Fonts/simli.ttf><C:/Windows/Fonts/simli.ttf><C
:/Windows/Fonts/simli.ttf><C:/Windows/Fonts/simli.ttf><C:/Windows/Fonts/simli.t
tf><C:/Windows/Fonts/simli.ttf><C:/Windows/Fonts/simli.ttf><C:/Windows/Fonts/si
mli.ttf><C:/Windows/Fonts/simli.ttf><C:/Windows/Fonts/simli.ttf><C:/Windows/Fon
ts/simli.ttf><C:/Windows/Fonts/simli.ttf><C:/Windows/Fonts/simli.ttf><C:/Window
s/Fonts/simli.ttf><C:/Windows/Fonts/simli.ttf><C:/Windows/Fonts/simli.ttf><C:/W
indows/Fonts/simli.ttf><C:/Windows/Fonts/simli.ttf><C:/Windows/Fonts/simli.ttf>
<C:/Windows/Fonts/simli.ttf><C:/Windows/Fonts/simli.ttf><C:/Windows/Fonts/simli
.ttf><C:/Windows/Fonts/simli.ttf><C:/Windows/Fonts/simli.ttf><C:/Windows/Fonts/
simli.ttf><C:/Windows/Fonts/simhei.ttf><C:/Windows/Fonts/simhei.ttf><C:/Windows
/Fonts/simhei.ttf><C:/Windows/Fonts/simhei.ttf><C:/Windows/Fonts/simhei.ttf><C:
/Windows/Fonts/simyou.ttf><C:/Windows/Fonts/simyou.ttf><C:/Windows/Fonts/simyou
.ttf><C:/Windows/Fonts/simyou.ttf><C:/Windows/Fonts/simyou.ttf><C:/Windows/Font
s/simyou.ttf><C:/Windows/Fonts/simyou.ttf><C:/Windows/Fonts/simyou.ttf><C:/Wind
ows/Fonts/simyou.ttf><C:/Windows/Fonts/simyou.ttf><C:/Windows/Fonts/simyou.ttf>
<C:/Windows/Fonts/simyou.ttf><C:/Windows/Fonts/simyou.ttf><C:/Windows/Fonts/sim
you.ttf><C:/Windows/Fonts/simyou.ttf><C:/Windows/Fonts/simyou.ttf><C:/Windows/F
onts/simyou.ttf><C:/Windows/Fonts/simyou.ttf><C:/Windows/Fonts/simyou.ttf><C:/W
indows/Fonts/simyou.ttf><C:/Windows/Fonts/simyou.ttf><C:/Windows/Fonts/simyou.t
tf><C:/Windows/Fonts/simyou.ttf><C:/Windows/Fonts/simyou.ttf><C:/Windows/Fonts/
simyou.ttf><C:/Windows/Fonts/simyou.ttf><C:/Windows/Fonts/simyou.ttf><C:/Window
s/Fonts/simyou.ttf><C:/Windows/Fonts/simyou.ttf><C:/Windows/Fonts/simyou.ttf><C
:/Windows/Fonts/simyou.ttf><C:/Windows/Fonts/simyou.ttf><C:/Windows/Fonts/simfa
ng.ttf><C:/Windows/Fonts/simfang.ttf><C:/Windows/Fonts/simfang.ttf><C:/Windows/
Fonts/simfang.ttf><C:/Windows/Fonts/simfang.ttf><C:/Windows/Fonts/simfang.ttf><
C:/Windows/Fonts/simfang.ttf><C:/Windows/Fonts/simfang.ttf><C:/Windows/Fonts/si
mfang.ttf><C:/Windows/Fonts/simfang.ttf><C:/Windows/Fonts/simfang.ttf><C:/Windo
ws/Fonts/simfang.ttf><C:/Windows/Fonts/simfang.ttf><C:/Windows/Fonts/simfang.tt
f><C:/Windows/Fonts/simfang.ttf><C:/Windows/Fonts/simfang.ttf><C:/Windows/Fonts
/simfang.ttf><C:/Windows/Fonts/simkai.ttf><C:/Windows/Fonts/simkai.ttf><C:/Wind
ows/Fonts/simkai.ttf><C:/Windows/Fonts/simkai.ttf><C:/Windows/Fonts/simkai.ttf>
<C:/Windows/Fonts/simkai.ttf><C:/Windows/Fonts/simkai.ttf><C:/Windows/Fonts/sim
kai.ttf><C:/Windows/Fonts/simkai.ttf><C:/Windows/Fonts/simkai.ttf><C:/Windows/F
onts/simkai.ttf><C:/Windows/Fonts/simkai.ttf><C:/Windows/Fonts/simkai.ttf><C:/W
indows/Fonts/simkai.ttf><C:/Windows/Fonts/simkai.ttf><C:/Windows/Fonts/simkai.t
tf><C:/Windows/Fonts/simkai.ttf><C:/Windows/Fonts/simkai.ttf><C:/Windows/Fonts/
simkai.ttf><C:/Windows/Fonts/simkai.ttf><C:/Windows/Fonts/simkai.ttf><C:/Window
s/Fonts/simkai.ttf><C:/Windows/Fonts/simkai.ttf><C:/Windows/Fonts/simkai.ttf><C
:/Windows/Fonts/simkai.ttf><C:/Windows/Fonts/simkai.ttf><C:/Windows/Fonts/simka
i.ttf><C:/Windows/Fonts/simkai.ttf><C:/Windows/Fonts/simkai.ttf><d:/CTEX/CTeX/f
onts/truetype/chinese/simsun.ttf><d:/CTEX/CTeX/fonts/truetype/chinese/simsun.tt
f><C:/Windows/Fonts/simkai.ttf><C:/Windows/Fonts/simkai.ttf><C:/Windows/Fonts/s
imkai.ttf><C:/Windows/Fonts/simkai.ttf><C:/Windows/Fonts/simkai.ttf><C:/Windows
/Fonts/simkai.ttf><C:/Windows/Fonts/simkai.ttf><C:/Windows/Fonts/simkai.ttf><C:
/Windows/Fonts/simkai.ttf><C:/Windows/Fonts/simkai.ttf><C:/Windows/Fonts/simkai
.ttf><C:/Windows/Fonts/simkai.ttf><C:/Windows/Fonts/simkai.ttf><C:/Windows/Font
s/simkai.ttf><C:/Windows/Fonts/simkai.ttf><C:/Windows/Fonts/simkai.ttf><C:/Wind
ows/Fonts/simkai.ttf><C:/Windows/Fonts/simkai.ttf><C:/Windows/Fonts/simkai.ttf>
<C:/Windows/Fonts/simkai.ttf><C:/Windows/Fonts/simkai.ttf><d:/CTEX/CTeX/fonts/t
ruetype/chinese/simsun.ttf><d:/CTEX/CTeX/fonts/truetype/chinese/simsun.ttf><C:/
Windows/Fonts/simhei.ttf><d:/CTEX/CTeX/fonts/truetype/chinese/simsun.ttf><d:/CT
EX/CTeX/fonts/truetype/chinese/simsun.ttf><d:/CTEX/CTeX/fonts/truetype/chinese/
simsun.ttf><d:/CTEX/CTeX/fonts/truetype/chinese/simsun.ttf><d:/CTEX/CTeX/fonts/
truetype/chinese/simsun.ttf><d:/CTEX/CTeX/fonts/truetype/chinese/simsun.ttf><d:
/CTEX/CTeX/fonts/truetype/chinese/simsun.ttf><d:/CTEX/CTeX/fonts/truetype/chine
se/simsun.ttf><d:/CTEX/CTeX/fonts/truetype/chinese/simsun.ttf><C:/Windows/Fonts
/simhei.ttf><d:/CTEX/CTeX/fonts/truetype/chinese/simsun.ttf><C:/Windows/Fonts/s
imhei.ttf><C:/Windows/Fonts/simhei.ttf><C:/Windows/Fonts/simhei.ttf><C:/Windows
/Fonts/simhei.ttf><C:/Windows/Fonts/simhei.ttf><C:/Windows/Fonts/simhei.ttf><C:
/Windows/Fonts/simhei.ttf><C:/Windows/Fonts/simhei.ttf><C:/Windows/Fonts/simhei
.ttf><C:/Windows/Fonts/simhei.ttf><C:/Windows/Fonts/simhei.ttf><C:/Windows/Font
s/simhei.ttf><C:/Windows/Fonts/simhei.ttf><C:/Windows/Fonts/simhei.ttf><C:/Wind
ows/Fonts/simhei.ttf><C:/Windows/Fonts/simhei.ttf><C:/Windows/Fonts/simhei.ttf>
<d:/CTEX/CTeX/fonts/truetype/chinese/simsun.ttf><C:/Windows/Fonts/simhei.ttf><C
:/Windows/Fonts/simhei.ttf><C:/Windows/Fonts/simhei.ttf><C:/Windows/Fonts/simhe
i.ttf><C:/Windows/Fonts/simhei.ttf><C:/Windows/Fonts/simhei.ttf><C:/Windows/Fon
ts/simhei.ttf><d:/CTEX/CTeX/fonts/truetype/chinese/simsun.ttf><d:/CTEX/CTeX/fon
ts/truetype/chinese/simsun.ttf><d:/CTEX/CTeX/fonts/truetype/chinese/simsun.ttf>
<d:/CTEX/CTeX/fonts/truetype/chinese/simsun.ttf><d:/CTEX/CTeX/fonts/truetype/ch
inese/simsun.ttf><d:/CTEX/CTeX/fonts/truetype/chinese/simsun.ttf><d:/CTEX/CTeX/
fonts/truetype/chinese/simsun.ttf><d:/CTEX/CTeX/fonts/truetype/chinese/simsun.t
tf><d:/CTEX/CTeX/fonts/truetype/chinese/simsun.ttf><d:/CTEX/CTeX/fonts/truetype
/chinese/simsun.ttf><d:/CTEX/CTeX/fonts/truetype/chinese/simsun.ttf><d:/CTEX/CT
eX/fonts/truetype/chinese/simsun.ttf><d:/CTEX/CTeX/fonts/truetype/chinese/simsu
n.ttf><d:/CTEX/CTeX/fonts/truetype/chinese/simsun.ttf><d:/CTEX/CTeX/fonts/truet
ype/chinese/simsun.ttf><C:/Windows/Fonts/simhei.ttf><C:/Windows/Fonts/simhei.tt
f><d:/CTEX/CTeX/fonts/truetype/chinese/simsun.ttf><d:/CTEX/CTeX/fonts/truetype/
chinese/simsun.ttf><d:/CTEX/CTeX/fonts/truetype/chinese/simsun.ttf><d:/CTEX/CTe
X/fonts/truetype/chinese/simsun.ttf><d:/CTEX/CTeX/fonts/truetype/chinese/simsun
.ttf><d:/CTEX/CTeX/fonts/truetype/chinese/simsun.ttf><d:/CTEX/CTeX/fonts/truety
pe/chinese/simsun.ttf><d:/CTEX/CTeX/fonts/truetype/chinese/simsun.ttf><d:/CTEX/
CTeX/fonts/truetype/chinese/simsun.ttf><d:/CTEX/CTeX/fonts/truetype/chinese/sim
sun.ttf><d:/CTEX/CTeX/fonts/truetype/chinese/simsun.ttf><d:/CTEX/CTeX/fonts/tru
etype/chinese/simsun.ttf><d:/CTEX/CTeX/fonts/truetype/chinese/simsun.ttf><d:/CT
EX/CTeX/fonts/truetype/chinese/simsun.ttf><d:/CTEX/CTeX/fonts/truetype/chinese/
simsun.ttf><d:/CTEX/CTeX/fonts/truetype/chinese/simsun.ttf><d:/CTEX/CTeX/fonts/
truetype/chinese/simsun.ttf><d:/CTEX/CTeX/fonts/truetype/chinese/simsun.ttf><d:
/CTEX/CTeX/fonts/truetype/chinese/simsun.ttf><d:/CTEX/CTeX/fonts/truetype/chine
se/simsun.ttf><d:/CTEX/CTeX/fonts/truetype/chinese/simsun.ttf><d:/CTEX/CTeX/fon
ts/truetype/chinese/simsun.ttf><d:/CTEX/CTeX/fonts/truetype/chinese/simsun.ttf>
<d:/CTEX/CTeX/fonts/truetype/chinese/simsun.ttf><d:/CTEX/CTeX/fonts/truetype/ch
inese/simsun.ttf><d:/CTEX/CTeX/fonts/truetype/chinese/simsun.ttf><d:/CTEX/CTeX/
fonts/truetype/chinese/simsun.ttf><d:/CTEX/CTeX/fonts/truetype/chinese/simsun.t
tf><d:/CTEX/CTeX/fonts/truetype/chinese/simsun.ttf><d:/CTEX/CTeX/fonts/truetype
/chinese/simsun.ttf><d:/CTEX/CTeX/fonts/truetype/chinese/simsun.ttf><d:/CTEX/CT
eX/fonts/truetype/chinese/simsun.ttf><d:/CTEX/CTeX/fonts/truetype/chinese/simsu
n.ttf><C:/Windows/Fonts/simhei.ttf><C:/Windows/Fonts/simhei.ttf><C:/Windows/Fon
ts/simhei.ttf><C:/Windows/Fonts/simhei.ttf><C:/Windows/Fonts/simhei.ttf><d:/CTE
X/CTeX/fonts/truetype/chinese/simsun.ttf><d:/CTEX/CTeX/fonts/truetype/chinese/s
imsun.ttf><d:/CTEX/CTeX/fonts/truetype/chinese/simsun.ttf><d:/CTEX/CTeX/fonts/t
ruetype/chinese/simsun.ttf><C:/Windows/Fonts/simfang.ttf><C:/Windows/Fonts/simf
ang.ttf><C:/Windows/Fonts/simfang.ttf><C:/Windows/Fonts/simfang.ttf><C:/Windows
/Fonts/simfang.ttf><C:/Windows/Fonts/simfang.ttf><C:/Windows/Fonts/simfang.ttf>
<C:/Windows/Fonts/simfang.ttf><C:/Windows/Fonts/simfang.ttf><C:/Windows/Fonts/s
imfang.ttf><C:/Windows/Fonts/simfang.ttf><C:/Windows/Fonts/simfang.ttf><C:/Wind
ows/Fonts/simfang.ttf><C:/Windows/Fonts/simfang.ttf><C:/Windows/Fonts/simfang.t
tf><C:/Windows/Fonts/simfang.ttf><C:/Windows/Fonts/simfang.ttf><C:/Windows/Font
s/simfang.ttf><C:/Windows/Fonts/simfang.ttf><C:/Windows/Fonts/simfang.ttf><C:/W
indows/Fonts/simfang.ttf><C:/Windows/Fonts/simfang.ttf><C:/Windows/Fonts/simfan
g.ttf><C:/Windows/Fonts/simfang.ttf><C:/Windows/Fonts/simfang.ttf><C:/Windows/F
onts/simfang.ttf><C:/Windows/Fonts/simfang.ttf><C:/Windows/Fonts/simfang.ttf><C
:/Windows/Fonts/simfang.ttf><d:/CTEX/CTeX/fonts/truetype/chinese/simsun.ttf><d:
/CTEX/CTeX/fonts/truetype/chinese/simsun.ttf><d:/CTEX/CTeX/fonts/truetype/chine
se/simsun.ttf><d:/CTEX/CTeX/fonts/truetype/chinese/simsun.ttf><d:/CTEX/CTeX/fon
ts/truetype/chinese/simsun.ttf><d:/CTEX/CTeX/fonts/truetype/chinese/simsun.ttf>
<d:/CTEX/CTeX/fonts/truetype/chinese/simsun.ttf><d:/CTEX/CTeX/fonts/truetype/ch
inese/simsun.ttf><d:/CTEX/CTeX/fonts/truetype/chinese/simsun.ttf><d:/CTEX/CTeX/
fonts/truetype/chinese/simsun.ttf><d:/CTEX/CTeX/fonts/truetype/chinese/simsun.t
tf><C:/Windows/Fonts/simhei.ttf><C:/Windows/Fonts/simhei.ttf><C:/Windows/Fonts/
simhei.ttf><C:/Windows/Fonts/simhei.ttf><C:/Windows/Fonts/simhei.ttf><C:/Window
s/Fonts/simhei.ttf><C:/Windows/Fonts/simhei.ttf><C:/Windows/Fonts/simhei.ttf><C
:/Windows/Fonts/simhei.ttf><C:/Windows/Fonts/simhei.ttf><C:/Windows/Fonts/simhe
i.ttf><C:/Windows/Fonts/simhei.ttf><d:/CTEX/MiKTeX/fonts/type1/public/amsfonts/
latxfont/line10.pfb><d:/CTEX/UserData/fonts/type1/public/txfonts/rtxmi.pfb><d:/
CTEX/UserData/fonts/type1/public/txfonts/rtxr.pfb><d:/CTEX/UserData/fonts/type1
/public/txfonts/rtxsc.pfb><d:/CTEX/UserData/fonts/type1/public/txfonts/txex.pfb
><d:/CTEX/UserData/fonts/type1/public/txfonts/txsy.pfb><d:/CTEX/UserData/fonts/
type1/public/txfonts/txsya.pfb><d:/CTEX/UserData/fonts/type1/public/txfonts/txs
yc.pfb><d:/CTEX/UserData/fonts/type1/public/txfonts/txtt.pfb><d:/CTEX/MiKTeX/fo
nts/type1/urw/helvetic/uhvb8a.pfb><d:/CTEX/MiKTeX/fonts/type1/urw/helvetic/uhvr
8a.pfb><d:/CTEX/MiKTeX/fonts/type1/urw/times/utmb8a.pfb><d:/CTEX/MiKTeX/fonts/t
ype1/urw/times/utmbi8a.pfb><d:/CTEX/MiKTeX/fonts/type1/urw/times/utmr8a.pfb><d:
/CTEX/MiKTeX/fonts/type1/urw/times/utmr8a.pfb><d:/CTEX/MiKTeX/fonts/type1/urw/t
imes/utmri8a.pfb>
Output written on main.pdf (41 pages, 1576439 bytes).
PDF statistics:
 1885 PDF objects out of 2073 (max. 8388607)
 186 named destinations out of 1000 (max. 500000)
 648 words of extra memory for PDF output out of 10000 (max. 10000000)

